<?xml version="1.0" encoding="UTF-8"?>
<coverage generated="1543720181295" clover="3.2.0">
  <project timestamp="1543720181295" name="All files">
    <metrics statements="200" coveredstatements="187" conditionals="104" coveredconditionals="86" methods="38" coveredmethods="38" elements="342" coveredelements="311" complexity="0" loc="200" ncloc="200" packages="1" files="1" classes="1">
      <file name="helpers.js" path="/Users/jamie/Projects/sfcc/sfcc-locale-analyzer/helpers.js">
        <metrics statements="200" coveredstatements="187" conditionals="104" coveredconditionals="86" methods="38" coveredmethods="38"/>
        <line num="2" count="1" type="stmt"/>
        <line num="3" count="1" type="stmt"/>
        <line num="4" count="1" type="stmt"/>
        <line num="5" count="1" type="stmt"/>
        <line num="6" count="1" type="stmt"/>
        <line num="7" count="1" type="stmt"/>
        <line num="8" count="1" type="stmt"/>
        <line num="9" count="1" type="stmt"/>
        <line num="11" count="1" type="stmt"/>
        <line num="13" count="1" type="stmt"/>
        <line num="28" count="80" type="stmt"/>
        <line num="38" count="167" type="stmt"/>
        <line num="40" count="167" type="cond" truecount="2" falsecount="0"/>
        <line num="41" count="1" type="stmt"/>
        <line num="44" count="166" type="stmt"/>
        <line num="45" count="166" type="stmt"/>
        <line num="47" count="166" type="stmt"/>
        <line num="56" count="80" type="stmt"/>
        <line num="57" count="80" type="stmt"/>
        <line num="59" count="80" type="cond" truecount="2" falsecount="0"/>
        <line num="60" count="35" type="stmt"/>
        <line num="63" count="45" type="cond" truecount="2" falsecount="0"/>
        <line num="64" count="25" type="stmt"/>
        <line num="67" count="20" type="cond" truecount="1" falsecount="1"/>
        <line num="68" count="0" type="stmt"/>
        <line num="71" count="20" type="stmt"/>
        <line num="81" count="2" type="stmt"/>
        <line num="88" count="2" type="stmt"/>
        <line num="94" count="2" type="stmt"/>
        <line num="95" count="2" type="stmt"/>
        <line num="97" count="2" type="cond" truecount="1" falsecount="1"/>
        <line num="98" count="0" type="stmt"/>
        <line num="99" count="0" type="stmt"/>
        <line num="102" count="2" type="stmt"/>
        <line num="104" count="2" type="stmt"/>
        <line num="105" count="2" type="stmt"/>
        <line num="106" count="2" type="stmt"/>
        <line num="108" count="2" type="stmt"/>
        <line num="110" count="2" type="stmt"/>
        <line num="116" count="0" type="stmt"/>
        <line num="119" count="2" type="stmt"/>
        <line num="121" count="2" type="stmt"/>
        <line num="132" count="6" type="stmt"/>
        <line num="134" count="6" type="stmt"/>
        <line num="135" count="6" type="stmt"/>
        <line num="137" count="6" type="stmt"/>
        <line num="138" count="6" type="stmt"/>
        <line num="139" count="6" type="stmt"/>
        <line num="142" count="6" type="stmt"/>
        <line num="143" count="6" type="stmt"/>
        <line num="145" count="6" type="stmt"/>
        <line num="147" count="6" type="stmt"/>
        <line num="148" count="24" type="cond" truecount="2" falsecount="0"/>
        <line num="149" count="6" type="stmt"/>
        <line num="150" count="12" type="stmt"/>
        <line num="153" count="6" type="stmt"/>
        <line num="154" count="6" type="stmt"/>
        <line num="155" count="6" type="stmt"/>
        <line num="157" count="6" type="stmt"/>
        <line num="158" count="36" type="cond" truecount="1" falsecount="1"/>
        <line num="159" count="36" type="stmt"/>
        <line num="161" count="36" type="cond" truecount="1" falsecount="1"/>
        <line num="162" count="36" type="stmt"/>
        <line num="166" count="36" type="cond" truecount="2" falsecount="0"/>
        <line num="167" count="12" type="stmt"/>
        <line num="176" count="6" type="stmt"/>
        <line num="177" count="6" type="stmt"/>
        <line num="178" count="74" type="cond" truecount="1" falsecount="1"/>
        <line num="179" count="74" type="cond" truecount="2" falsecount="0"/>
        <line num="180" count="73" type="cond" truecount="2" falsecount="0"/>
        <line num="182" count="55" type="cond" truecount="4" falsecount="0"/>
        <line num="183" count="49" type="cond" truecount="4" falsecount="0"/>
        <line num="184" count="31" type="cond" truecount="5" falsecount="0"/>
        <line num="185" count="26" type="cond" truecount="5" falsecount="0"/>
        <line num="186" count="24" type="cond" truecount="4" falsecount="0"/>
        <line num="188" count="6" type="stmt"/>
        <line num="189" count="6" type="stmt"/>
        <line num="191" count="6" type="cond" truecount="2" falsecount="2"/>
        <line num="192" count="6" type="cond" truecount="3" falsecount="1"/>
        <line num="193" count="6" type="cond" truecount="2" falsecount="2"/>
        <line num="194" count="6" type="cond" truecount="1" falsecount="1"/>
        <line num="196" count="0" type="stmt"/>
        <line num="199" count="6" type="stmt"/>
        <line num="201" count="6" type="stmt"/>
        <line num="213" count="80" type="stmt"/>
        <line num="215" count="80" type="stmt"/>
        <line num="219" count="80" type="stmt"/>
        <line num="221" count="80" type="stmt"/>
        <line num="223" count="80" type="stmt"/>
        <line num="224" count="80" type="stmt"/>
        <line num="225" count="80" type="stmt"/>
        <line num="228" count="80" type="stmt"/>
        <line num="230" count="80" type="stmt"/>
        <line num="244" count="5" type="stmt"/>
        <line num="246" count="5" type="stmt"/>
        <line num="247" count="85" type="stmt"/>
        <line num="250" count="5" type="stmt"/>
        <line num="251" count="80" type="stmt"/>
        <line num="255" count="80" type="stmt"/>
        <line num="256" count="80" type="stmt"/>
        <line num="257" count="80" type="stmt"/>
        <line num="258" count="80" type="stmt"/>
        <line num="259" count="80" type="stmt"/>
        <line num="261" count="0" type="stmt"/>
        <line num="264" count="80" type="stmt"/>
        <line num="267" count="5" type="stmt"/>
        <line num="269" count="5" type="stmt"/>
        <line num="292" count="4" type="stmt"/>
        <line num="294" count="4" type="stmt"/>
        <line num="295" count="64" type="cond" truecount="1" falsecount="1"/>
        <line num="296" count="0" type="stmt"/>
        <line num="299" count="64" type="cond" truecount="2" falsecount="0"/>
        <line num="300" count="16" type="stmt"/>
        <line num="303" count="64" type="cond" truecount="2" falsecount="0"/>
        <line num="304" count="20" type="stmt"/>
        <line num="307" count="64" type="stmt"/>
        <line num="308" count="64" type="cond" truecount="2" falsecount="0"/>
        <line num="309" count="20" type="stmt"/>
        <line num="312" count="64" type="stmt"/>
        <line num="315" count="64" type="stmt"/>
        <line num="318" count="4" type="stmt"/>
        <line num="320" count="4" type="stmt"/>
        <line num="330" count="3" type="stmt"/>
        <line num="332" count="3" type="stmt"/>
        <line num="333" count="12" type="stmt"/>
        <line num="334" count="15" type="cond" truecount="2" falsecount="0"/>
        <line num="335" count="12" type="stmt"/>
        <line num="337" count="15" type="stmt"/>
        <line num="339" count="15" type="stmt"/>
        <line num="340" count="15" type="cond" truecount="2" falsecount="0"/>
        <line num="341" count="12" type="stmt"/>
        <line num="345" count="12" type="stmt"/>
        <line num="351" count="3" type="stmt"/>
        <line num="353" count="3" type="stmt"/>
        <line num="354" count="12" type="stmt"/>
        <line num="360" count="3" type="stmt"/>
        <line num="362" count="3" type="stmt"/>
        <line num="374" count="1" type="stmt"/>
        <line num="376" count="1" type="stmt"/>
        <line num="377" count="1" type="stmt"/>
        <line num="378" count="1" type="stmt"/>
        <line num="380" count="1" type="stmt"/>
        <line num="385" count="1" type="stmt"/>
        <line num="386" count="1" type="stmt"/>
        <line num="387" count="4" type="cond" truecount="1" falsecount="1"/>
        <line num="388" count="4" type="stmt"/>
        <line num="389" count="5" type="stmt"/>
        <line num="391" count="5" type="stmt"/>
        <line num="392" count="5" type="cond" truecount="2" falsecount="0"/>
        <line num="393" count="4" type="stmt"/>
        <line num="400" count="1" type="stmt"/>
        <line num="407" count="1" type="stmt"/>
        <line num="409" count="1" type="stmt"/>
        <line num="411" count="1" type="stmt"/>
        <line num="416" count="4" type="cond" truecount="1" falsecount="1"/>
        <line num="417" count="4" type="stmt"/>
        <line num="418" count="16" type="stmt"/>
        <line num="419" count="16" type="stmt"/>
        <line num="421" count="16" type="stmt"/>
        <line num="422" count="16" type="stmt"/>
        <line num="429" count="16" type="stmt"/>
        <line num="430" count="128" type="cond" truecount="5" falsecount="0"/>
        <line num="435" count="16" type="stmt"/>
        <line num="437" count="16" type="cond" truecount="2" falsecount="0"/>
        <line num="444" count="8" type="stmt"/>
        <line num="451" count="1" type="stmt"/>
        <line num="453" count="1" type="stmt"/>
        <line num="465" count="3" type="cond" truecount="1" falsecount="1"/>
        <line num="466" count="0" type="stmt"/>
        <line num="467" count="0" type="stmt"/>
        <line num="470" count="3" type="cond" truecount="1" falsecount="1"/>
        <line num="471" count="0" type="stmt"/>
        <line num="472" count="0" type="stmt"/>
        <line num="475" count="3" type="stmt"/>
        <line num="476" count="3" type="stmt"/>
        <line num="478" count="3" type="stmt"/>
        <line num="479" count="24" type="stmt"/>
        <line num="480" count="24" type="stmt"/>
        <line num="481" count="24" type="stmt"/>
        <line num="483" count="24" type="stmt"/>
        <line num="484" count="24" type="stmt"/>
        <line num="485" count="24" type="stmt"/>
        <line num="486" count="24" type="stmt"/>
        <line num="488" count="24" type="stmt"/>
        <line num="490" count="24" type="stmt"/>
        <line num="491" count="192" type="stmt"/>
        <line num="492" count="192" type="cond" truecount="2" falsecount="0"/>
        <line num="493" count="192" type="stmt"/>
        <line num="495" count="192" type="cond" truecount="1" falsecount="1"/>
        <line num="496" count="0" type="stmt"/>
        <line num="499" count="192" type="stmt"/>
        <line num="501" count="192" type="cond" truecount="2" falsecount="0"/>
        <line num="502" count="143" type="cond" truecount="1" falsecount="1"/>
        <line num="504" count="0" type="stmt"/>
        <line num="507" count="49" type="stmt"/>
        <line num="508" count="49" type="cond" truecount="4" falsecount="0"/>
        <line num="509" count="2" type="stmt"/>
        <line num="510" count="2" type="stmt"/>
        <line num="516" count="3" type="stmt"/>
        <line num="520" count="1" type="stmt"/>
      </file>
    </metrics>
  </project>
</coverage>
