<?xml version="1.0" encoding="UTF-8"?>
<coverage generated="1543847988983" clover="3.2.0">
  <project timestamp="1543847988983" name="All files">
    <metrics statements="200" coveredstatements="187" conditionals="104" coveredconditionals="86" methods="38" coveredmethods="38" elements="342" coveredelements="311" complexity="0" loc="200" ncloc="200" packages="1" files="1" classes="1">
      <file name="helpers.js" path="/Users/jkimmell/Projects/sfcc/sfcc-locale-analyzer/helpers.js">
        <metrics statements="200" coveredstatements="187" conditionals="104" coveredconditionals="86" methods="38" coveredmethods="38"/>
        <line num="2" count="1" type="stmt"/>
        <line num="3" count="1" type="stmt"/>
        <line num="4" count="1" type="stmt"/>
        <line num="5" count="1" type="stmt"/>
        <line num="6" count="1" type="stmt"/>
        <line num="7" count="1" type="stmt"/>
        <line num="8" count="1" type="stmt"/>
        <line num="9" count="1" type="stmt"/>
        <line num="11" count="1" type="stmt"/>
        <line num="13" count="1" type="stmt"/>
        <line num="32" count="80" type="stmt"/>
        <line num="46" count="167" type="stmt"/>
        <line num="48" count="167" type="cond" truecount="2" falsecount="0"/>
        <line num="49" count="1" type="stmt"/>
        <line num="52" count="166" type="stmt"/>
        <line num="53" count="166" type="stmt"/>
        <line num="55" count="166" type="stmt"/>
        <line num="75" count="80" type="stmt"/>
        <line num="76" count="80" type="stmt"/>
        <line num="78" count="80" type="cond" truecount="2" falsecount="0"/>
        <line num="79" count="35" type="stmt"/>
        <line num="82" count="45" type="cond" truecount="2" falsecount="0"/>
        <line num="83" count="25" type="stmt"/>
        <line num="86" count="20" type="cond" truecount="1" falsecount="1"/>
        <line num="87" count="0" type="stmt"/>
        <line num="90" count="20" type="stmt"/>
        <line num="100" count="2" type="stmt"/>
        <line num="107" count="2" type="stmt"/>
        <line num="113" count="2" type="stmt"/>
        <line num="114" count="2" type="stmt"/>
        <line num="116" count="2" type="cond" truecount="1" falsecount="1"/>
        <line num="117" count="0" type="stmt"/>
        <line num="118" count="0" type="stmt"/>
        <line num="121" count="2" type="stmt"/>
        <line num="126" count="2" type="stmt"/>
        <line num="127" count="2" type="stmt"/>
        <line num="128" count="2" type="stmt"/>
        <line num="130" count="2" type="stmt"/>
        <line num="132" count="2" type="stmt"/>
        <line num="138" count="0" type="stmt"/>
        <line num="141" count="2" type="stmt"/>
        <line num="143" count="2" type="stmt"/>
        <line num="154" count="6" type="stmt"/>
        <line num="159" count="6" type="stmt"/>
        <line num="160" count="6" type="stmt"/>
        <line num="162" count="6" type="stmt"/>
        <line num="163" count="6" type="stmt"/>
        <line num="164" count="6" type="stmt"/>
        <line num="167" count="6" type="stmt"/>
        <line num="171" count="6" type="stmt"/>
        <line num="173" count="6" type="stmt"/>
        <line num="175" count="6" type="stmt"/>
        <line num="176" count="24" type="cond" truecount="2" falsecount="0"/>
        <line num="177" count="6" type="stmt"/>
        <line num="178" count="12" type="stmt"/>
        <line num="181" count="6" type="stmt"/>
        <line num="182" count="6" type="stmt"/>
        <line num="183" count="6" type="stmt"/>
        <line num="185" count="6" type="stmt"/>
        <line num="186" count="36" type="cond" truecount="1" falsecount="1"/>
        <line num="187" count="36" type="stmt"/>
        <line num="189" count="36" type="cond" truecount="1" falsecount="1"/>
        <line num="190" count="36" type="stmt"/>
        <line num="194" count="36" type="cond" truecount="2" falsecount="0"/>
        <line num="195" count="12" type="stmt"/>
        <line num="209" count="6" type="stmt"/>
        <line num="210" count="6" type="stmt"/>
        <line num="211" count="74" type="cond" truecount="1" falsecount="1"/>
        <line num="212" count="74" type="cond" truecount="2" falsecount="0"/>
        <line num="213" count="73" type="cond" truecount="2" falsecount="0"/>
        <line num="215" count="55" type="cond" truecount="4" falsecount="0"/>
        <line num="216" count="49" type="cond" truecount="4" falsecount="0"/>
        <line num="217" count="31" type="cond" truecount="5" falsecount="0"/>
        <line num="218" count="26" type="cond" truecount="5" falsecount="0"/>
        <line num="219" count="24" type="cond" truecount="4" falsecount="0"/>
        <line num="221" count="6" type="stmt"/>
        <line num="222" count="6" type="stmt"/>
        <line num="224" count="6" type="cond" truecount="2" falsecount="2"/>
        <line num="225" count="6" type="cond" truecount="3" falsecount="1"/>
        <line num="226" count="6" type="cond" truecount="2" falsecount="2"/>
        <line num="227" count="6" type="cond" truecount="1" falsecount="1"/>
        <line num="229" count="0" type="stmt"/>
        <line num="232" count="6" type="stmt"/>
        <line num="234" count="6" type="stmt"/>
        <line num="246" count="80" type="stmt"/>
        <line num="248" count="80" type="stmt"/>
        <line num="252" count="80" type="stmt"/>
        <line num="254" count="80" type="stmt"/>
        <line num="256" count="80" type="stmt"/>
        <line num="257" count="80" type="stmt"/>
        <line num="258" count="80" type="stmt"/>
        <line num="261" count="80" type="stmt"/>
        <line num="263" count="80" type="stmt"/>
        <line num="277" count="5" type="stmt"/>
        <line num="279" count="5" type="stmt"/>
        <line num="280" count="85" type="stmt"/>
        <line num="283" count="5" type="stmt"/>
        <line num="284" count="80" type="stmt"/>
        <line num="288" count="80" type="stmt"/>
        <line num="289" count="80" type="stmt"/>
        <line num="290" count="80" type="stmt"/>
        <line num="291" count="80" type="stmt"/>
        <line num="292" count="80" type="stmt"/>
        <line num="294" count="0" type="stmt"/>
        <line num="297" count="80" type="stmt"/>
        <line num="300" count="5" type="stmt"/>
        <line num="302" count="5" type="stmt"/>
        <line num="325" count="4" type="stmt"/>
        <line num="327" count="4" type="stmt"/>
        <line num="328" count="64" type="cond" truecount="1" falsecount="1"/>
        <line num="329" count="0" type="stmt"/>
        <line num="332" count="64" type="cond" truecount="2" falsecount="0"/>
        <line num="333" count="16" type="stmt"/>
        <line num="336" count="64" type="cond" truecount="2" falsecount="0"/>
        <line num="337" count="20" type="stmt"/>
        <line num="340" count="64" type="stmt"/>
        <line num="341" count="64" type="cond" truecount="2" falsecount="0"/>
        <line num="342" count="20" type="stmt"/>
        <line num="345" count="64" type="stmt"/>
        <line num="348" count="64" type="stmt"/>
        <line num="351" count="4" type="stmt"/>
        <line num="353" count="4" type="stmt"/>
        <line num="363" count="3" type="stmt"/>
        <line num="365" count="3" type="stmt"/>
        <line num="366" count="12" type="stmt"/>
        <line num="367" count="15" type="cond" truecount="2" falsecount="0"/>
        <line num="368" count="12" type="stmt"/>
        <line num="370" count="15" type="stmt"/>
        <line num="372" count="15" type="stmt"/>
        <line num="373" count="15" type="cond" truecount="2" falsecount="0"/>
        <line num="374" count="12" type="stmt"/>
        <line num="378" count="12" type="stmt"/>
        <line num="384" count="3" type="stmt"/>
        <line num="386" count="3" type="stmt"/>
        <line num="387" count="12" type="stmt"/>
        <line num="393" count="3" type="stmt"/>
        <line num="395" count="3" type="stmt"/>
        <line num="407" count="1" type="stmt"/>
        <line num="409" count="1" type="stmt"/>
        <line num="410" count="1" type="stmt"/>
        <line num="411" count="1" type="stmt"/>
        <line num="413" count="1" type="stmt"/>
        <line num="418" count="1" type="stmt"/>
        <line num="419" count="1" type="stmt"/>
        <line num="420" count="4" type="cond" truecount="1" falsecount="1"/>
        <line num="421" count="4" type="stmt"/>
        <line num="422" count="5" type="stmt"/>
        <line num="424" count="5" type="stmt"/>
        <line num="425" count="5" type="cond" truecount="2" falsecount="0"/>
        <line num="426" count="4" type="stmt"/>
        <line num="433" count="1" type="stmt"/>
        <line num="440" count="1" type="stmt"/>
        <line num="442" count="1" type="stmt"/>
        <line num="444" count="1" type="stmt"/>
        <line num="449" count="4" type="cond" truecount="1" falsecount="1"/>
        <line num="450" count="4" type="stmt"/>
        <line num="451" count="16" type="stmt"/>
        <line num="452" count="16" type="stmt"/>
        <line num="454" count="16" type="stmt"/>
        <line num="455" count="16" type="stmt"/>
        <line num="462" count="16" type="stmt"/>
        <line num="463" count="128" type="cond" truecount="5" falsecount="0"/>
        <line num="468" count="16" type="stmt"/>
        <line num="470" count="16" type="cond" truecount="2" falsecount="0"/>
        <line num="477" count="8" type="stmt"/>
        <line num="484" count="1" type="stmt"/>
        <line num="486" count="1" type="stmt"/>
        <line num="498" count="3" type="cond" truecount="1" falsecount="1"/>
        <line num="499" count="0" type="stmt"/>
        <line num="500" count="0" type="stmt"/>
        <line num="503" count="3" type="cond" truecount="1" falsecount="1"/>
        <line num="504" count="0" type="stmt"/>
        <line num="505" count="0" type="stmt"/>
        <line num="508" count="3" type="stmt"/>
        <line num="509" count="3" type="stmt"/>
        <line num="511" count="3" type="stmt"/>
        <line num="512" count="24" type="stmt"/>
        <line num="513" count="24" type="stmt"/>
        <line num="514" count="24" type="stmt"/>
        <line num="516" count="24" type="stmt"/>
        <line num="517" count="24" type="stmt"/>
        <line num="518" count="24" type="stmt"/>
        <line num="519" count="24" type="stmt"/>
        <line num="521" count="24" type="stmt"/>
        <line num="523" count="24" type="stmt"/>
        <line num="524" count="192" type="stmt"/>
        <line num="525" count="192" type="cond" truecount="2" falsecount="0"/>
        <line num="526" count="192" type="stmt"/>
        <line num="528" count="192" type="cond" truecount="1" falsecount="1"/>
        <line num="529" count="0" type="stmt"/>
        <line num="532" count="192" type="stmt"/>
        <line num="534" count="192" type="cond" truecount="2" falsecount="0"/>
        <line num="535" count="143" type="cond" truecount="1" falsecount="1"/>
        <line num="537" count="0" type="stmt"/>
        <line num="540" count="49" type="stmt"/>
        <line num="541" count="49" type="cond" truecount="4" falsecount="0"/>
        <line num="542" count="2" type="stmt"/>
        <line num="543" count="2" type="stmt"/>
        <line num="549" count="3" type="stmt"/>
        <line num="553" count="1" type="stmt"/>
      </file>
    </metrics>
  </project>
</coverage>
