{"/Users/jamie/Projects/sfcc/sfcc-locale-analyzer/helpers.js": {"path":"/Users/jamie/Projects/sfcc/sfcc-locale-analyzer/helpers.js","statementMap":{"0":{"start":{"line":2,"column":13},"end":{"line":2,"column":28}},"1":{"start":{"line":3,"column":11},"end":{"line":3,"column":24}},"2":{"start":{"line":4,"column":13},"end":{"line":4,"column":28}},"3":{"start":{"line":5,"column":16},"end":{"line":5,"column":33}},"4":{"start":{"line":6,"column":25},"end":{"line":6,"column":53}},"5":{"start":{"line":7,"column":21},"end":{"line":7,"column":54}},"6":{"start":{"line":8,"column":12},"end":{"line":8,"column":33}},"7":{"start":{"line":9,"column":12},"end":{"line":9,"column":32}},"8":{"start":{"line":11,"column":0},"end":{"line":11,"column":26}},"9":{"start":{"line":13,"column":27},"end":{"line":13,"column":67}},"10":{"start":{"line":28,"column":4},"end":{"line":28,"column":119}},"11":{"start":{"line":38,"column":20},"end":{"line":38,"column":50}},"12":{"start":{"line":40,"column":4},"end":{"line":42,"column":5}},"13":{"start":{"line":41,"column":6},"end":{"line":41,"column":73}},"14":{"start":{"line":44,"column":15},"end":{"line":44,"column":27}},"15":{"start":{"line":45,"column":19},"end":{"line":45,"column":40}},"16":{"start":{"line":47,"column":4},"end":{"line":47,"column":19}},"17":{"start":{"line":56,"column":17},"end":{"line":56,"column":42}},"18":{"start":{"line":57,"column":18},"end":{"line":57,"column":33}},"19":{"start":{"line":59,"column":4},"end":{"line":61,"column":5}},"20":{"start":{"line":60,"column":6},"end":{"line":60,"column":51}},"21":{"start":{"line":63,"column":4},"end":{"line":65,"column":5}},"22":{"start":{"line":64,"column":6},"end":{"line":64,"column":65}},"23":{"start":{"line":67,"column":4},"end":{"line":69,"column":5}},"24":{"start":{"line":68,"column":6},"end":{"line":68,"column":74}},"25":{"start":{"line":71,"column":4},"end":{"line":71,"column":20}},"26":{"start":{"line":81,"column":4},"end":{"line":81,"column":61}},"27":{"start":{"line":88,"column":23},"end":{"line":88,"column":81}},"28":{"start":{"line":94,"column":21},"end":{"line":94,"column":71}},"29":{"start":{"line":95,"column":18},"end":{"line":95,"column":37}},"30":{"start":{"line":97,"column":4},"end":{"line":100,"column":5}},"31":{"start":{"line":98,"column":6},"end":{"line":98,"column":82}},"32":{"start":{"line":99,"column":6},"end":{"line":99,"column":18}},"33":{"start":{"line":102,"column":24},"end":{"line":102,"column":29}},"34":{"start":{"line":104,"column":4},"end":{"line":117,"column":5}},"35":{"start":{"line":105,"column":20},"end":{"line":105,"column":87}},"36":{"start":{"line":106,"column":6},"end":{"line":106,"column":53}},"37":{"start":{"line":108,"column":28},"end":{"line":108,"column":69}},"38":{"start":{"line":110,"column":6},"end":{"line":114,"column":7}},"39":{"start":{"line":116,"column":6},"end":{"line":116,"column":13}},"40":{"start":{"line":119,"column":4},"end":{"line":119,"column":59}},"41":{"start":{"line":121,"column":4},"end":{"line":121,"column":24}},"42":{"start":{"line":132,"column":4},"end":{"line":132,"column":79}},"43":{"start":{"line":134,"column":16},"end":{"line":134,"column":80}},"44":{"start":{"line":135,"column":18},"end":{"line":135,"column":20}},"45":{"start":{"line":137,"column":4},"end":{"line":140,"column":6}},"46":{"start":{"line":138,"column":6},"end":{"line":138,"column":61}},"47":{"start":{"line":139,"column":6},"end":{"line":139,"column":38}},"48":{"start":{"line":142,"column":4},"end":{"line":174,"column":6}},"49":{"start":{"line":143,"column":21},"end":{"line":143,"column":72}},"50":{"start":{"line":145,"column":32},"end":{"line":145,"column":76}},"51":{"start":{"line":147,"column":6},"end":{"line":173,"column":8}},"52":{"start":{"line":148,"column":8},"end":{"line":172,"column":9}},"53":{"start":{"line":149,"column":31},"end":{"line":151,"column":12}},"54":{"start":{"line":150,"column":12},"end":{"line":150,"column":74}},"55":{"start":{"line":153,"column":10},"end":{"line":171,"column":12}},"56":{"start":{"line":154,"column":12},"end":{"line":170,"column":14}},"57":{"start":{"line":155,"column":35},"end":{"line":155,"column":57}},"58":{"start":{"line":157,"column":14},"end":{"line":169,"column":16}},"59":{"start":{"line":158,"column":16},"end":{"line":164,"column":17}},"60":{"start":{"line":159,"column":32},"end":{"line":159,"column":54}},"61":{"start":{"line":161,"column":18},"end":{"line":163,"column":19}},"62":{"start":{"line":162,"column":20},"end":{"line":162,"column":44}},"63":{"start":{"line":166,"column":16},"end":{"line":168,"column":17}},"64":{"start":{"line":167,"column":18},"end":{"line":167,"column":43}},"65":{"start":{"line":176,"column":4},"end":{"line":176,"column":58}},"66":{"start":{"line":177,"column":4},"end":{"line":197,"column":6}},"67":{"start":{"line":178,"column":6},"end":{"line":178,"column":27}},"68":{"start":{"line":178,"column":19},"end":{"line":178,"column":27}},"69":{"start":{"line":179,"column":6},"end":{"line":179,"column":36}},"70":{"start":{"line":179,"column":27},"end":{"line":179,"column":36}},"71":{"start":{"line":180,"column":6},"end":{"line":180,"column":35}},"72":{"start":{"line":180,"column":27},"end":{"line":180,"column":35}},"73":{"start":{"line":182,"column":6},"end":{"line":182,"column":56}},"74":{"start":{"line":182,"column":47},"end":{"line":182,"column":56}},"75":{"start":{"line":183,"column":6},"end":{"line":183,"column":55}},"76":{"start":{"line":183,"column":47},"end":{"line":183,"column":55}},"77":{"start":{"line":184,"column":6},"end":{"line":184,"column":82}},"78":{"start":{"line":184,"column":73},"end":{"line":184,"column":82}},"79":{"start":{"line":185,"column":6},"end":{"line":185,"column":81}},"80":{"start":{"line":185,"column":73},"end":{"line":185,"column":81}},"81":{"start":{"line":186,"column":6},"end":{"line":186,"column":73}},"82":{"start":{"line":186,"column":48},"end":{"line":186,"column":73}},"83":{"start":{"line":188,"column":27},"end":{"line":188,"column":39}},"84":{"start":{"line":189,"column":27},"end":{"line":189,"column":39}},"85":{"start":{"line":191,"column":6},"end":{"line":191,"column":99}},"86":{"start":{"line":191,"column":90},"end":{"line":191,"column":99}},"87":{"start":{"line":192,"column":6},"end":{"line":192,"column":98}},"88":{"start":{"line":192,"column":90},"end":{"line":192,"column":98}},"89":{"start":{"line":193,"column":6},"end":{"line":193,"column":147}},"90":{"start":{"line":193,"column":90},"end":{"line":193,"column":147}},"91":{"start":{"line":194,"column":6},"end":{"line":194,"column":108}},"92":{"start":{"line":194,"column":51},"end":{"line":194,"column":108}},"93":{"start":{"line":196,"column":6},"end":{"line":196,"column":63}},"94":{"start":{"line":199,"column":4},"end":{"line":199,"column":84}},"95":{"start":{"line":201,"column":4},"end":{"line":201,"column":18}},"96":{"start":{"line":213,"column":4},"end":{"line":213,"column":74}},"97":{"start":{"line":215,"column":18},"end":{"line":215,"column":20}},"98":{"start":{"line":219,"column":27},"end":{"line":219,"column":61}},"99":{"start":{"line":221,"column":22},"end":{"line":221,"column":51}},"100":{"start":{"line":223,"column":4},"end":{"line":226,"column":6}},"101":{"start":{"line":224,"column":23},"end":{"line":224,"column":38}},"102":{"start":{"line":225,"column":6},"end":{"line":225,"column":63}},"103":{"start":{"line":228,"column":4},"end":{"line":228,"column":81}},"104":{"start":{"line":230,"column":4},"end":{"line":230,"column":18}},"105":{"start":{"line":244,"column":4},"end":{"line":244,"column":65}},"106":{"start":{"line":246,"column":26},"end":{"line":248,"column":6}},"107":{"start":{"line":247,"column":6},"end":{"line":247,"column":80}},"108":{"start":{"line":250,"column":18},"end":{"line":265,"column":6}},"109":{"start":{"line":251,"column":25},"end":{"line":253,"column":7}},"110":{"start":{"line":255,"column":6},"end":{"line":262,"column":7}},"111":{"start":{"line":256,"column":8},"end":{"line":256,"column":67}},"112":{"start":{"line":257,"column":8},"end":{"line":257,"column":63}},"113":{"start":{"line":258,"column":8},"end":{"line":258,"column":53}},"114":{"start":{"line":259,"column":8},"end":{"line":259,"column":61}},"115":{"start":{"line":261,"column":8},"end":{"line":261,"column":30}},"116":{"start":{"line":264,"column":6},"end":{"line":264,"column":25}},"117":{"start":{"line":267,"column":4},"end":{"line":267,"column":59}},"118":{"start":{"line":269,"column":4},"end":{"line":269,"column":18}},"119":{"start":{"line":292,"column":4},"end":{"line":292,"column":64}},"120":{"start":{"line":294,"column":18},"end":{"line":316,"column":10}},"121":{"start":{"line":295,"column":6},"end":{"line":297,"column":7}},"122":{"start":{"line":296,"column":8},"end":{"line":296,"column":110}},"123":{"start":{"line":299,"column":6},"end":{"line":301,"column":7}},"124":{"start":{"line":300,"column":8},"end":{"line":300,"column":35}},"125":{"start":{"line":303,"column":6},"end":{"line":305,"column":7}},"126":{"start":{"line":304,"column":8},"end":{"line":304,"column":52}},"127":{"start":{"line":307,"column":6},"end":{"line":313,"column":8}},"128":{"start":{"line":308,"column":8},"end":{"line":310,"column":9}},"129":{"start":{"line":309,"column":10},"end":{"line":309,"column":63}},"130":{"start":{"line":312,"column":8},"end":{"line":312,"column":94}},"131":{"start":{"line":315,"column":6},"end":{"line":315,"column":16}},"132":{"start":{"line":318,"column":4},"end":{"line":318,"column":61}},"133":{"start":{"line":320,"column":4},"end":{"line":320,"column":18}},"134":{"start":{"line":330,"column":4},"end":{"line":330,"column":83}},"135":{"start":{"line":332,"column":16},"end":{"line":346,"column":10}},"136":{"start":{"line":333,"column":6},"end":{"line":344,"column":8}},"137":{"start":{"line":334,"column":8},"end":{"line":336,"column":9}},"138":{"start":{"line":335,"column":10},"end":{"line":335,"column":31}},"139":{"start":{"line":337,"column":22},"end":{"line":337,"column":51}},"140":{"start":{"line":339,"column":8},"end":{"line":343,"column":10}},"141":{"start":{"line":340,"column":10},"end":{"line":342,"column":11}},"142":{"start":{"line":341,"column":12},"end":{"line":341,"column":42}},"143":{"start":{"line":345,"column":6},"end":{"line":345,"column":16}},"144":{"start":{"line":351,"column":31},"end":{"line":351,"column":56}},"145":{"start":{"line":353,"column":27},"end":{"line":358,"column":6}},"146":{"start":{"line":354,"column":6},"end":{"line":357,"column":7}},"147":{"start":{"line":360,"column":4},"end":{"line":360,"column":70}},"148":{"start":{"line":362,"column":4},"end":{"line":362,"column":25}},"149":{"start":{"line":374,"column":4},"end":{"line":374,"column":61}},"150":{"start":{"line":376,"column":23},"end":{"line":376,"column":41}},"151":{"start":{"line":377,"column":26},"end":{"line":377,"column":47}},"152":{"start":{"line":378,"column":23},"end":{"line":378,"column":41}},"153":{"start":{"line":380,"column":22},"end":{"line":380,"column":24}},"154":{"start":{"line":385,"column":39},"end":{"line":385,"column":95}},"155":{"start":{"line":386,"column":4},"end":{"line":398,"column":6}},"156":{"start":{"line":387,"column":6},"end":{"line":397,"column":7}},"157":{"start":{"line":388,"column":8},"end":{"line":396,"column":10}},"158":{"start":{"line":389,"column":29},"end":{"line":389,"column":76}},"159":{"start":{"line":391,"column":10},"end":{"line":395,"column":12}},"160":{"start":{"line":392,"column":12},"end":{"line":394,"column":13}},"161":{"start":{"line":393,"column":14},"end":{"line":393,"column":67}},"162":{"start":{"line":400,"column":19},"end":{"line":405,"column":5}},"163":{"start":{"line":407,"column":4},"end":{"line":407,"column":42}},"164":{"start":{"line":409,"column":21},"end":{"line":409,"column":31}},"165":{"start":{"line":411,"column":4},"end":{"line":449,"column":6}},"166":{"start":{"line":416,"column":6},"end":{"line":448,"column":7}},"167":{"start":{"line":417,"column":8},"end":{"line":447,"column":10}},"168":{"start":{"line":418,"column":30},"end":{"line":418,"column":59}},"169":{"start":{"line":419,"column":29},"end":{"line":419,"column":57}},"170":{"start":{"line":421,"column":10},"end":{"line":446,"column":12}},"171":{"start":{"line":422,"column":22},"end":{"line":427,"column":13}},"172":{"start":{"line":429,"column":32},"end":{"line":433,"column":14}},"173":{"start":{"line":430,"column":14},"end":{"line":432,"column":126}},"174":{"start":{"line":435,"column":12},"end":{"line":435,"column":41}},"175":{"start":{"line":437,"column":12},"end":{"line":445,"column":13}},"176":{"start":{"line":444,"column":14},"end":{"line":444,"column":34}},"177":{"start":{"line":451,"column":4},"end":{"line":451,"column":58}},"178":{"start":{"line":453,"column":4},"end":{"line":453,"column":35}},"179":{"start":{"line":465,"column":4},"end":{"line":468,"column":5}},"180":{"start":{"line":466,"column":6},"end":{"line":466,"column":48}},"181":{"start":{"line":467,"column":6},"end":{"line":467,"column":18}},"182":{"start":{"line":470,"column":4},"end":{"line":473,"column":5}},"183":{"start":{"line":471,"column":6},"end":{"line":471,"column":43}},"184":{"start":{"line":472,"column":6},"end":{"line":472,"column":18}},"185":{"start":{"line":475,"column":20},"end":{"line":475,"column":54}},"186":{"start":{"line":476,"column":19},"end":{"line":476,"column":23}},"187":{"start":{"line":478,"column":4},"end":{"line":514,"column":6}},"188":{"start":{"line":479,"column":23},"end":{"line":479,"column":36}},"189":{"start":{"line":480,"column":26},"end":{"line":480,"column":45}},"190":{"start":{"line":481,"column":23},"end":{"line":481,"column":35}},"191":{"start":{"line":483,"column":6},"end":{"line":483,"column":26}},"192":{"start":{"line":484,"column":6},"end":{"line":484,"column":32}},"193":{"start":{"line":485,"column":6},"end":{"line":485,"column":25}},"194":{"start":{"line":486,"column":6},"end":{"line":486,"column":30}},"195":{"start":{"line":488,"column":22},"end":{"line":488,"column":25}},"196":{"start":{"line":490,"column":6},"end":{"line":513,"column":8}},"197":{"start":{"line":491,"column":30},"end":{"line":491,"column":45}},"198":{"start":{"line":492,"column":25},"end":{"line":492,"column":148}},"199":{"start":{"line":493,"column":22},"end":{"line":493,"column":41}},"200":{"start":{"line":495,"column":8},"end":{"line":497,"column":9}},"201":{"start":{"line":496,"column":10},"end":{"line":496,"column":78}},"202":{"start":{"line":499,"column":21},"end":{"line":499,"column":32}},"203":{"start":{"line":501,"column":8},"end":{"line":512,"column":9}},"204":{"start":{"line":502,"column":10},"end":{"line":505,"column":11}},"205":{"start":{"line":504,"column":12},"end":{"line":504,"column":61}},"206":{"start":{"line":507,"column":28},"end":{"line":507,"column":62}},"207":{"start":{"line":508,"column":10},"end":{"line":511,"column":11}},"208":{"start":{"line":509,"column":12},"end":{"line":509,"column":110}},"209":{"start":{"line":510,"column":12},"end":{"line":510,"column":28}},"210":{"start":{"line":516,"column":4},"end":{"line":516,"column":19}},"211":{"start":{"line":520,"column":0},"end":{"line":520,"column":24}}},"fnMap":{"0":{"name":"(anonymous_0)","decl":{"start":{"line":11,"column":12},"end":{"line":11,"column":13}},"loc":{"start":{"line":11,"column":24},"end":{"line":11,"column":26}},"line":11},"1":{"name":"(anonymous_1)","decl":{"start":{"line":27,"column":2},"end":{"line":27,"column":3}},"loc":{"start":{"line":27,"column":31},"end":{"line":29,"column":3}},"line":27},"2":{"name":"(anonymous_2)","decl":{"start":{"line":37,"column":2},"end":{"line":37,"column":3}},"loc":{"start":{"line":37,"column":33},"end":{"line":48,"column":3}},"line":37},"3":{"name":"(anonymous_3)","decl":{"start":{"line":55,"column":2},"end":{"line":55,"column":3}},"loc":{"start":{"line":55,"column":30},"end":{"line":72,"column":3}},"line":55},"4":{"name":"(anonymous_4)","decl":{"start":{"line":80,"column":2},"end":{"line":80,"column":3}},"loc":{"start":{"line":80,"column":31},"end":{"line":122,"column":3}},"line":80},"5":{"name":"(anonymous_5)","decl":{"start":{"line":131,"column":2},"end":{"line":131,"column":3}},"loc":{"start":{"line":131,"column":52},"end":{"line":202,"column":3}},"line":131},"6":{"name":"(anonymous_6)","decl":{"start":{"line":137,"column":25},"end":{"line":137,"column":26}},"loc":{"start":{"line":137,"column":41},"end":{"line":140,"column":5}},"line":137},"7":{"name":"(anonymous_7)","decl":{"start":{"line":142,"column":18},"end":{"line":142,"column":19}},"loc":{"start":{"line":142,"column":34},"end":{"line":174,"column":5}},"line":142},"8":{"name":"(anonymous_8)","decl":{"start":{"line":147,"column":34},"end":{"line":147,"column":35}},"loc":{"start":{"line":147,"column":54},"end":{"line":173,"column":7}},"line":147},"9":{"name":"(anonymous_9)","decl":{"start":{"line":149,"column":56},"end":{"line":149,"column":57}},"loc":{"start":{"line":149,"column":75},"end":{"line":151,"column":11}},"line":149},"10":{"name":"(anonymous_10)","decl":{"start":{"line":153,"column":33},"end":{"line":153,"column":34}},"loc":{"start":{"line":153,"column":58},"end":{"line":171,"column":11}},"line":153},"11":{"name":"(anonymous_11)","decl":{"start":{"line":154,"column":43},"end":{"line":154,"column":44}},"loc":{"start":{"line":154,"column":61},"end":{"line":170,"column":13}},"line":154},"12":{"name":"(anonymous_12)","decl":{"start":{"line":157,"column":35},"end":{"line":157,"column":36}},"loc":{"start":{"line":157,"column":58},"end":{"line":169,"column":15}},"line":157},"13":{"name":"(anonymous_13)","decl":{"start":{"line":177,"column":27},"end":{"line":177,"column":28}},"loc":{"start":{"line":177,"column":43},"end":{"line":197,"column":5}},"line":177},"14":{"name":"(anonymous_14)","decl":{"start":{"line":212,"column":2},"end":{"line":212,"column":3}},"loc":{"start":{"line":212,"column":30},"end":{"line":231,"column":3}},"line":212},"15":{"name":"(anonymous_15)","decl":{"start":{"line":223,"column":22},"end":{"line":223,"column":23}},"loc":{"start":{"line":223,"column":42},"end":{"line":226,"column":5}},"line":223},"16":{"name":"(anonymous_16)","decl":{"start":{"line":243,"column":2},"end":{"line":243,"column":3}},"loc":{"start":{"line":243,"column":57},"end":{"line":270,"column":3}},"line":243},"17":{"name":"(anonymous_17)","decl":{"start":{"line":246,"column":39},"end":{"line":246,"column":40}},"loc":{"start":{"line":246,"column":49},"end":{"line":248,"column":5}},"line":246},"18":{"name":"(anonymous_18)","decl":{"start":{"line":250,"column":38},"end":{"line":250,"column":39}},"loc":{"start":{"line":250,"column":48},"end":{"line":265,"column":5}},"line":250},"19":{"name":"(anonymous_19)","decl":{"start":{"line":291,"column":2},"end":{"line":291,"column":3}},"loc":{"start":{"line":291,"column":50},"end":{"line":321,"column":3}},"line":291},"20":{"name":"(anonymous_20)","decl":{"start":{"line":294,"column":41},"end":{"line":294,"column":42}},"loc":{"start":{"line":294,"column":55},"end":{"line":316,"column":5}},"line":294},"21":{"name":"(anonymous_21)","decl":{"start":{"line":307,"column":42},"end":{"line":307,"column":43}},"loc":{"start":{"line":307,"column":55},"end":{"line":313,"column":7}},"line":307},"22":{"name":"(anonymous_22)","decl":{"start":{"line":329,"column":2},"end":{"line":329,"column":3}},"loc":{"start":{"line":329,"column":37},"end":{"line":363,"column":3}},"line":329},"23":{"name":"(anonymous_23)","decl":{"start":{"line":332,"column":46},"end":{"line":332,"column":47}},"loc":{"start":{"line":332,"column":60},"end":{"line":346,"column":5}},"line":332},"24":{"name":"(anonymous_24)","decl":{"start":{"line":333,"column":31},"end":{"line":333,"column":32}},"loc":{"start":{"line":333,"column":48},"end":{"line":344,"column":7}},"line":333},"25":{"name":"(anonymous_25)","decl":{"start":{"line":339,"column":22},"end":{"line":339,"column":23}},"loc":{"start":{"line":339,"column":35},"end":{"line":343,"column":9}},"line":339},"26":{"name":"(anonymous_26)","decl":{"start":{"line":353,"column":50},"end":{"line":353,"column":51}},"loc":{"start":{"line":353,"column":67},"end":{"line":358,"column":5}},"line":353},"27":{"name":"(anonymous_27)","decl":{"start":{"line":373,"column":2},"end":{"line":373,"column":3}},"loc":{"start":{"line":373,"column":49},"end":{"line":454,"column":3}},"line":373},"28":{"name":"(anonymous_28)","decl":{"start":{"line":386,"column":39},"end":{"line":386,"column":40}},"loc":{"start":{"line":386,"column":54},"end":{"line":398,"column":5}},"line":386},"29":{"name":"(anonymous_29)","decl":{"start":{"line":388,"column":51},"end":{"line":388,"column":52}},"loc":{"start":{"line":388,"column":68},"end":{"line":396,"column":9}},"line":388},"30":{"name":"(anonymous_30)","decl":{"start":{"line":391,"column":29},"end":{"line":391,"column":30}},"loc":{"start":{"line":391,"column":43},"end":{"line":395,"column":11}},"line":391},"31":{"name":"(anonymous_31)","decl":{"start":{"line":411,"column":31},"end":{"line":411,"column":32}},"loc":{"start":{"line":411,"column":46},"end":{"line":449,"column":5}},"line":411},"32":{"name":"(anonymous_32)","decl":{"start":{"line":417,"column":30},"end":{"line":417,"column":31}},"loc":{"start":{"line":417,"column":53},"end":{"line":447,"column":9}},"line":417},"33":{"name":"(anonymous_33)","decl":{"start":{"line":421,"column":29},"end":{"line":421,"column":30}},"loc":{"start":{"line":421,"column":42},"end":{"line":446,"column":11}},"line":421},"34":{"name":"(anonymous_34)","decl":{"start":{"line":429,"column":47},"end":{"line":429,"column":48}},"loc":{"start":{"line":429,"column":59},"end":{"line":433,"column":13}},"line":429},"35":{"name":"(anonymous_35)","decl":{"start":{"line":464,"column":2},"end":{"line":464,"column":3}},"loc":{"start":{"line":464,"column":46},"end":{"line":517,"column":3}},"line":464},"36":{"name":"(anonymous_36)","decl":{"start":{"line":478,"column":20},"end":{"line":478,"column":21}},"loc":{"start":{"line":478,"column":29},"end":{"line":514,"column":5}},"line":478},"37":{"name":"(anonymous_37)","decl":{"start":{"line":490,"column":35},"end":{"line":490,"column":36}},"loc":{"start":{"line":490,"column":47},"end":{"line":513,"column":7}},"line":490}},"branchMap":{"0":{"loc":{"start":{"line":40,"column":4},"end":{"line":42,"column":5}},"type":"if","locations":[{"start":{"line":40,"column":4},"end":{"line":42,"column":5}},{"start":{"line":40,"column":4},"end":{"line":42,"column":5}}],"line":40},"1":{"loc":{"start":{"line":59,"column":4},"end":{"line":61,"column":5}},"type":"if","locations":[{"start":{"line":59,"column":4},"end":{"line":61,"column":5}},{"start":{"line":59,"column":4},"end":{"line":61,"column":5}}],"line":59},"2":{"loc":{"start":{"line":63,"column":4},"end":{"line":65,"column":5}},"type":"if","locations":[{"start":{"line":63,"column":4},"end":{"line":65,"column":5}},{"start":{"line":63,"column":4},"end":{"line":65,"column":5}}],"line":63},"3":{"loc":{"start":{"line":67,"column":4},"end":{"line":69,"column":5}},"type":"if","locations":[{"start":{"line":67,"column":4},"end":{"line":69,"column":5}},{"start":{"line":67,"column":4},"end":{"line":69,"column":5}}],"line":67},"4":{"loc":{"start":{"line":97,"column":4},"end":{"line":100,"column":5}},"type":"if","locations":[{"start":{"line":97,"column":4},"end":{"line":100,"column":5}},{"start":{"line":97,"column":4},"end":{"line":100,"column":5}}],"line":97},"5":{"loc":{"start":{"line":148,"column":8},"end":{"line":172,"column":9}},"type":"if","locations":[{"start":{"line":148,"column":8},"end":{"line":172,"column":9}},{"start":{"line":148,"column":8},"end":{"line":172,"column":9}}],"line":148},"6":{"loc":{"start":{"line":158,"column":16},"end":{"line":164,"column":17}},"type":"if","locations":[{"start":{"line":158,"column":16},"end":{"line":164,"column":17}},{"start":{"line":158,"column":16},"end":{"line":164,"column":17}}],"line":158},"7":{"loc":{"start":{"line":161,"column":18},"end":{"line":163,"column":19}},"type":"if","locations":[{"start":{"line":161,"column":18},"end":{"line":163,"column":19}},{"start":{"line":161,"column":18},"end":{"line":163,"column":19}}],"line":161},"8":{"loc":{"start":{"line":166,"column":16},"end":{"line":168,"column":17}},"type":"if","locations":[{"start":{"line":166,"column":16},"end":{"line":168,"column":17}},{"start":{"line":166,"column":16},"end":{"line":168,"column":17}}],"line":166},"9":{"loc":{"start":{"line":178,"column":6},"end":{"line":178,"column":27}},"type":"if","locations":[{"start":{"line":178,"column":6},"end":{"line":178,"column":27}},{"start":{"line":178,"column":6},"end":{"line":178,"column":27}}],"line":178},"10":{"loc":{"start":{"line":179,"column":6},"end":{"line":179,"column":36}},"type":"if","locations":[{"start":{"line":179,"column":6},"end":{"line":179,"column":36}},{"start":{"line":179,"column":6},"end":{"line":179,"column":36}}],"line":179},"11":{"loc":{"start":{"line":180,"column":6},"end":{"line":180,"column":35}},"type":"if","locations":[{"start":{"line":180,"column":6},"end":{"line":180,"column":35}},{"start":{"line":180,"column":6},"end":{"line":180,"column":35}}],"line":180},"12":{"loc":{"start":{"line":182,"column":6},"end":{"line":182,"column":56}},"type":"if","locations":[{"start":{"line":182,"column":6},"end":{"line":182,"column":56}},{"start":{"line":182,"column":6},"end":{"line":182,"column":56}}],"line":182},"13":{"loc":{"start":{"line":182,"column":10},"end":{"line":182,"column":45}},"type":"binary-expr","locations":[{"start":{"line":182,"column":10},"end":{"line":182,"column":26}},{"start":{"line":182,"column":30},"end":{"line":182,"column":45}}],"line":182},"14":{"loc":{"start":{"line":183,"column":6},"end":{"line":183,"column":55}},"type":"if","locations":[{"start":{"line":183,"column":6},"end":{"line":183,"column":55}},{"start":{"line":183,"column":6},"end":{"line":183,"column":55}}],"line":183},"15":{"loc":{"start":{"line":183,"column":10},"end":{"line":183,"column":45}},"type":"binary-expr","locations":[{"start":{"line":183,"column":10},"end":{"line":183,"column":25}},{"start":{"line":183,"column":29},"end":{"line":183,"column":45}}],"line":183},"16":{"loc":{"start":{"line":184,"column":6},"end":{"line":184,"column":82}},"type":"if","locations":[{"start":{"line":184,"column":6},"end":{"line":184,"column":82}},{"start":{"line":184,"column":6},"end":{"line":184,"column":82}}],"line":184},"17":{"loc":{"start":{"line":184,"column":10},"end":{"line":184,"column":71}},"type":"binary-expr","locations":[{"start":{"line":184,"column":10},"end":{"line":184,"column":26}},{"start":{"line":184,"column":30},"end":{"line":184,"column":46}},{"start":{"line":184,"column":50},"end":{"line":184,"column":71}}],"line":184},"18":{"loc":{"start":{"line":185,"column":6},"end":{"line":185,"column":81}},"type":"if","locations":[{"start":{"line":185,"column":6},"end":{"line":185,"column":81}},{"start":{"line":185,"column":6},"end":{"line":185,"column":81}}],"line":185},"19":{"loc":{"start":{"line":185,"column":10},"end":{"line":185,"column":71}},"type":"binary-expr","locations":[{"start":{"line":185,"column":10},"end":{"line":185,"column":26}},{"start":{"line":185,"column":30},"end":{"line":185,"column":46}},{"start":{"line":185,"column":50},"end":{"line":185,"column":71}}],"line":185},"20":{"loc":{"start":{"line":186,"column":6},"end":{"line":186,"column":73}},"type":"if","locations":[{"start":{"line":186,"column":6},"end":{"line":186,"column":73}},{"start":{"line":186,"column":6},"end":{"line":186,"column":73}}],"line":186},"21":{"loc":{"start":{"line":186,"column":10},"end":{"line":186,"column":46}},"type":"binary-expr","locations":[{"start":{"line":186,"column":10},"end":{"line":186,"column":26}},{"start":{"line":186,"column":30},"end":{"line":186,"column":46}}],"line":186},"22":{"loc":{"start":{"line":191,"column":6},"end":{"line":191,"column":99}},"type":"if","locations":[{"start":{"line":191,"column":6},"end":{"line":191,"column":99}},{"start":{"line":191,"column":6},"end":{"line":191,"column":99}}],"line":191},"23":{"loc":{"start":{"line":191,"column":10},"end":{"line":191,"column":88}},"type":"binary-expr","locations":[{"start":{"line":191,"column":10},"end":{"line":191,"column":47}},{"start":{"line":191,"column":51},"end":{"line":191,"column":88}}],"line":191},"24":{"loc":{"start":{"line":192,"column":6},"end":{"line":192,"column":98}},"type":"if","locations":[{"start":{"line":192,"column":6},"end":{"line":192,"column":98}},{"start":{"line":192,"column":6},"end":{"line":192,"column":98}}],"line":192},"25":{"loc":{"start":{"line":192,"column":10},"end":{"line":192,"column":88}},"type":"binary-expr","locations":[{"start":{"line":192,"column":10},"end":{"line":192,"column":47}},{"start":{"line":192,"column":51},"end":{"line":192,"column":88}}],"line":192},"26":{"loc":{"start":{"line":193,"column":6},"end":{"line":193,"column":147}},"type":"if","locations":[{"start":{"line":193,"column":6},"end":{"line":193,"column":147}},{"start":{"line":193,"column":6},"end":{"line":193,"column":147}}],"line":193},"27":{"loc":{"start":{"line":193,"column":10},"end":{"line":193,"column":88}},"type":"binary-expr","locations":[{"start":{"line":193,"column":10},"end":{"line":193,"column":47}},{"start":{"line":193,"column":51},"end":{"line":193,"column":88}}],"line":193},"28":{"loc":{"start":{"line":194,"column":6},"end":{"line":194,"column":108}},"type":"if","locations":[{"start":{"line":194,"column":6},"end":{"line":194,"column":108}},{"start":{"line":194,"column":6},"end":{"line":194,"column":108}}],"line":194},"29":{"loc":{"start":{"line":295,"column":6},"end":{"line":297,"column":7}},"type":"if","locations":[{"start":{"line":295,"column":6},"end":{"line":297,"column":7}},{"start":{"line":295,"column":6},"end":{"line":297,"column":7}}],"line":295},"30":{"loc":{"start":{"line":299,"column":6},"end":{"line":301,"column":7}},"type":"if","locations":[{"start":{"line":299,"column":6},"end":{"line":301,"column":7}},{"start":{"line":299,"column":6},"end":{"line":301,"column":7}}],"line":299},"31":{"loc":{"start":{"line":303,"column":6},"end":{"line":305,"column":7}},"type":"if","locations":[{"start":{"line":303,"column":6},"end":{"line":305,"column":7}},{"start":{"line":303,"column":6},"end":{"line":305,"column":7}}],"line":303},"32":{"loc":{"start":{"line":308,"column":8},"end":{"line":310,"column":9}},"type":"if","locations":[{"start":{"line":308,"column":8},"end":{"line":310,"column":9}},{"start":{"line":308,"column":8},"end":{"line":310,"column":9}}],"line":308},"33":{"loc":{"start":{"line":334,"column":8},"end":{"line":336,"column":9}},"type":"if","locations":[{"start":{"line":334,"column":8},"end":{"line":336,"column":9}},{"start":{"line":334,"column":8},"end":{"line":336,"column":9}}],"line":334},"34":{"loc":{"start":{"line":340,"column":10},"end":{"line":342,"column":11}},"type":"if","locations":[{"start":{"line":340,"column":10},"end":{"line":342,"column":11}},{"start":{"line":340,"column":10},"end":{"line":342,"column":11}}],"line":340},"35":{"loc":{"start":{"line":387,"column":6},"end":{"line":397,"column":7}},"type":"if","locations":[{"start":{"line":387,"column":6},"end":{"line":397,"column":7}},{"start":{"line":387,"column":6},"end":{"line":397,"column":7}}],"line":387},"36":{"loc":{"start":{"line":392,"column":12},"end":{"line":394,"column":13}},"type":"if","locations":[{"start":{"line":392,"column":12},"end":{"line":394,"column":13}},{"start":{"line":392,"column":12},"end":{"line":394,"column":13}}],"line":392},"37":{"loc":{"start":{"line":416,"column":6},"end":{"line":448,"column":7}},"type":"if","locations":[{"start":{"line":416,"column":6},"end":{"line":448,"column":7}},{"start":{"line":416,"column":6},"end":{"line":448,"column":7}}],"line":416},"38":{"loc":{"start":{"line":430,"column":21},"end":{"line":432,"column":126}},"type":"cond-expr","locations":[{"start":{"line":432,"column":70},"end":{"line":432,"column":121}},{"start":{"line":432,"column":124},"end":{"line":432,"column":126}}],"line":430},"39":{"loc":{"start":{"line":430,"column":21},"end":{"line":432,"column":67}},"type":"binary-expr","locations":[{"start":{"line":430,"column":21},"end":{"line":430,"column":55}},{"start":{"line":431,"column":16},"end":{"line":431,"column":59}},{"start":{"line":432,"column":16},"end":{"line":432,"column":67}}],"line":430},"40":{"loc":{"start":{"line":437,"column":12},"end":{"line":445,"column":13}},"type":"if","locations":[{"start":{"line":437,"column":12},"end":{"line":445,"column":13}},{"start":{"line":437,"column":12},"end":{"line":445,"column":13}}],"line":437},"41":{"loc":{"start":{"line":438,"column":14},"end":{"line":442,"column":15}},"type":"binary-expr","locations":[{"start":{"line":438,"column":14},"end":{"line":438,"column":49}},{"start":{"line":440,"column":16},"end":{"line":440,"column":50}},{"start":{"line":441,"column":16},"end":{"line":441,"column":59}}],"line":438},"42":{"loc":{"start":{"line":465,"column":4},"end":{"line":468,"column":5}},"type":"if","locations":[{"start":{"line":465,"column":4},"end":{"line":468,"column":5}},{"start":{"line":465,"column":4},"end":{"line":468,"column":5}}],"line":465},"43":{"loc":{"start":{"line":470,"column":4},"end":{"line":473,"column":5}},"type":"if","locations":[{"start":{"line":470,"column":4},"end":{"line":473,"column":5}},{"start":{"line":470,"column":4},"end":{"line":473,"column":5}}],"line":470},"44":{"loc":{"start":{"line":492,"column":95},"end":{"line":492,"column":135}},"type":"cond-expr","locations":[{"start":{"line":492,"column":118},"end":{"line":492,"column":130}},{"start":{"line":492,"column":133},"end":{"line":492,"column":135}}],"line":492},"45":{"loc":{"start":{"line":495,"column":8},"end":{"line":497,"column":9}},"type":"if","locations":[{"start":{"line":495,"column":8},"end":{"line":497,"column":9}},{"start":{"line":495,"column":8},"end":{"line":497,"column":9}}],"line":495},"46":{"loc":{"start":{"line":501,"column":8},"end":{"line":512,"column":9}},"type":"if","locations":[{"start":{"line":501,"column":8},"end":{"line":512,"column":9}},{"start":{"line":501,"column":8},"end":{"line":512,"column":9}}],"line":501},"47":{"loc":{"start":{"line":502,"column":10},"end":{"line":505,"column":11}},"type":"if","locations":[{"start":{"line":502,"column":10},"end":{"line":505,"column":11}},{"start":{"line":502,"column":10},"end":{"line":505,"column":11}}],"line":502},"48":{"loc":{"start":{"line":508,"column":10},"end":{"line":511,"column":11}},"type":"if","locations":[{"start":{"line":508,"column":10},"end":{"line":511,"column":11}},{"start":{"line":508,"column":10},"end":{"line":511,"column":11}}],"line":508},"49":{"loc":{"start":{"line":508,"column":14},"end":{"line":508,"column":75}},"type":"binary-expr","locations":[{"start":{"line":508,"column":14},"end":{"line":508,"column":34}},{"start":{"line":508,"column":38},"end":{"line":508,"column":75}}],"line":508}},"s":{"0":1,"1":1,"2":1,"3":1,"4":1,"5":1,"6":1,"7":1,"8":1,"9":1,"10":80,"11":167,"12":167,"13":1,"14":166,"15":166,"16":166,"17":80,"18":80,"19":80,"20":35,"21":45,"22":25,"23":20,"24":0,"25":20,"26":2,"27":2,"28":2,"29":2,"30":2,"31":0,"32":0,"33":2,"34":2,"35":2,"36":2,"37":2,"38":2,"39":0,"40":2,"41":2,"42":6,"43":6,"44":6,"45":6,"46":6,"47":6,"48":6,"49":6,"50":6,"51":6,"52":24,"53":6,"54":12,"55":6,"56":6,"57":6,"58":6,"59":36,"60":36,"61":36,"62":36,"63":36,"64":12,"65":6,"66":6,"67":74,"68":0,"69":74,"70":1,"71":73,"72":18,"73":55,"74":6,"75":49,"76":18,"77":31,"78":5,"79":26,"80":2,"81":24,"82":18,"83":6,"84":6,"85":6,"86":0,"87":6,"88":0,"89":6,"90":0,"91":6,"92":6,"93":0,"94":6,"95":6,"96":80,"97":80,"98":80,"99":80,"100":80,"101":80,"102":80,"103":80,"104":80,"105":5,"106":5,"107":85,"108":5,"109":80,"110":80,"111":80,"112":80,"113":80,"114":80,"115":0,"116":80,"117":5,"118":5,"119":4,"120":4,"121":64,"122":0,"123":64,"124":16,"125":64,"126":20,"127":64,"128":64,"129":20,"130":64,"131":64,"132":4,"133":4,"134":3,"135":3,"136":12,"137":15,"138":12,"139":15,"140":15,"141":15,"142":12,"143":12,"144":3,"145":3,"146":12,"147":3,"148":3,"149":1,"150":1,"151":1,"152":1,"153":1,"154":1,"155":1,"156":4,"157":4,"158":5,"159":5,"160":5,"161":4,"162":1,"163":1,"164":1,"165":1,"166":4,"167":4,"168":16,"169":16,"170":16,"171":16,"172":16,"173":128,"174":16,"175":16,"176":8,"177":1,"178":1,"179":3,"180":0,"181":0,"182":3,"183":0,"184":0,"185":3,"186":3,"187":3,"188":24,"189":24,"190":24,"191":24,"192":24,"193":24,"194":24,"195":24,"196":24,"197":192,"198":192,"199":192,"200":192,"201":0,"202":192,"203":192,"204":143,"205":0,"206":49,"207":49,"208":2,"209":2,"210":3,"211":1},"f":{"0":214,"1":80,"2":167,"3":80,"4":2,"5":6,"6":6,"7":6,"8":24,"9":12,"10":6,"11":6,"12":36,"13":74,"14":80,"15":80,"16":5,"17":85,"18":80,"19":4,"20":64,"21":64,"22":3,"23":12,"24":15,"25":15,"26":12,"27":1,"28":4,"29":5,"30":5,"31":4,"32":16,"33":16,"34":128,"35":3,"36":24,"37":192},"b":{"0":[1,166],"1":[35,45],"2":[25,20],"3":[0,20],"4":[0,2],"5":[6,18],"6":[36,0],"7":[36,0],"8":[12,24],"9":[0,74],"10":[1,73],"11":[18,55],"12":[6,49],"13":[55,31],"14":[18,31],"15":[49,24],"16":[5,26],"17":[31,25,25],"18":[2,24],"19":[26,20,20],"20":[18,6],"21":[24,18],"22":[0,6],"23":[6,0],"24":[0,6],"25":[6,6],"26":[0,6],"27":[6,0],"28":[6,0],"29":[0,64],"30":[16,48],"31":[20,44],"32":[20,44],"33":[12,3],"34":[12,3],"35":[4,0],"36":[4,1],"37":[4,0],"38":[16,112],"39":[128,40,40],"40":[8,8],"41":[16,12,4],"42":[0,3],"43":[0,3],"44":[168,24],"45":[0,192],"46":[143,49],"47":[0,143],"48":[2,47],"49":[49,48]},"_coverageSchema":"332fd63041d2c1bcb487cc26dd0d5f7d97098a6c","hash":"a060b4989ee648aec1f2fc3940a0e8654fa9dfcc"}
}
