{"/Users/jkimmell/Projects/sfcc/sfcc-locale-analyzer/helpers.js": {"path":"/Users/jkimmell/Projects/sfcc/sfcc-locale-analyzer/helpers.js","statementMap":{"0":{"start":{"line":2,"column":13},"end":{"line":2,"column":28}},"1":{"start":{"line":3,"column":11},"end":{"line":3,"column":24}},"2":{"start":{"line":4,"column":13},"end":{"line":4,"column":28}},"3":{"start":{"line":5,"column":16},"end":{"line":5,"column":33}},"4":{"start":{"line":6,"column":25},"end":{"line":6,"column":53}},"5":{"start":{"line":7,"column":21},"end":{"line":7,"column":54}},"6":{"start":{"line":8,"column":12},"end":{"line":8,"column":33}},"7":{"start":{"line":9,"column":12},"end":{"line":9,"column":32}},"8":{"start":{"line":11,"column":0},"end":{"line":11,"column":26}},"9":{"start":{"line":13,"column":27},"end":{"line":13,"column":67}},"10":{"start":{"line":32,"column":4},"end":{"line":32,"column":119}},"11":{"start":{"line":46,"column":20},"end":{"line":46,"column":50}},"12":{"start":{"line":48,"column":4},"end":{"line":50,"column":5}},"13":{"start":{"line":49,"column":6},"end":{"line":49,"column":73}},"14":{"start":{"line":52,"column":15},"end":{"line":52,"column":27}},"15":{"start":{"line":53,"column":19},"end":{"line":53,"column":40}},"16":{"start":{"line":55,"column":4},"end":{"line":55,"column":19}},"17":{"start":{"line":75,"column":17},"end":{"line":75,"column":42}},"18":{"start":{"line":76,"column":18},"end":{"line":76,"column":33}},"19":{"start":{"line":78,"column":4},"end":{"line":80,"column":5}},"20":{"start":{"line":79,"column":6},"end":{"line":79,"column":51}},"21":{"start":{"line":82,"column":4},"end":{"line":84,"column":5}},"22":{"start":{"line":83,"column":6},"end":{"line":83,"column":65}},"23":{"start":{"line":86,"column":4},"end":{"line":88,"column":5}},"24":{"start":{"line":87,"column":6},"end":{"line":87,"column":74}},"25":{"start":{"line":90,"column":4},"end":{"line":90,"column":20}},"26":{"start":{"line":100,"column":4},"end":{"line":100,"column":61}},"27":{"start":{"line":107,"column":23},"end":{"line":107,"column":81}},"28":{"start":{"line":113,"column":21},"end":{"line":113,"column":71}},"29":{"start":{"line":114,"column":18},"end":{"line":114,"column":37}},"30":{"start":{"line":116,"column":4},"end":{"line":119,"column":5}},"31":{"start":{"line":117,"column":6},"end":{"line":117,"column":82}},"32":{"start":{"line":118,"column":6},"end":{"line":118,"column":18}},"33":{"start":{"line":121,"column":24},"end":{"line":121,"column":29}},"34":{"start":{"line":126,"column":4},"end":{"line":139,"column":5}},"35":{"start":{"line":127,"column":20},"end":{"line":127,"column":87}},"36":{"start":{"line":128,"column":6},"end":{"line":128,"column":53}},"37":{"start":{"line":130,"column":28},"end":{"line":130,"column":69}},"38":{"start":{"line":132,"column":6},"end":{"line":136,"column":7}},"39":{"start":{"line":138,"column":6},"end":{"line":138,"column":13}},"40":{"start":{"line":141,"column":4},"end":{"line":141,"column":59}},"41":{"start":{"line":143,"column":4},"end":{"line":143,"column":24}},"42":{"start":{"line":154,"column":4},"end":{"line":154,"column":79}},"43":{"start":{"line":159,"column":16},"end":{"line":159,"column":80}},"44":{"start":{"line":160,"column":18},"end":{"line":160,"column":20}},"45":{"start":{"line":162,"column":4},"end":{"line":165,"column":6}},"46":{"start":{"line":163,"column":6},"end":{"line":163,"column":61}},"47":{"start":{"line":164,"column":6},"end":{"line":164,"column":38}},"48":{"start":{"line":167,"column":4},"end":{"line":202,"column":6}},"49":{"start":{"line":171,"column":21},"end":{"line":171,"column":72}},"50":{"start":{"line":173,"column":32},"end":{"line":173,"column":76}},"51":{"start":{"line":175,"column":6},"end":{"line":201,"column":8}},"52":{"start":{"line":176,"column":8},"end":{"line":200,"column":9}},"53":{"start":{"line":177,"column":31},"end":{"line":179,"column":12}},"54":{"start":{"line":178,"column":12},"end":{"line":178,"column":74}},"55":{"start":{"line":181,"column":10},"end":{"line":199,"column":12}},"56":{"start":{"line":182,"column":12},"end":{"line":198,"column":14}},"57":{"start":{"line":183,"column":35},"end":{"line":183,"column":57}},"58":{"start":{"line":185,"column":14},"end":{"line":197,"column":16}},"59":{"start":{"line":186,"column":16},"end":{"line":192,"column":17}},"60":{"start":{"line":187,"column":32},"end":{"line":187,"column":54}},"61":{"start":{"line":189,"column":18},"end":{"line":191,"column":19}},"62":{"start":{"line":190,"column":20},"end":{"line":190,"column":44}},"63":{"start":{"line":194,"column":16},"end":{"line":196,"column":17}},"64":{"start":{"line":195,"column":18},"end":{"line":195,"column":43}},"65":{"start":{"line":209,"column":4},"end":{"line":209,"column":58}},"66":{"start":{"line":210,"column":4},"end":{"line":230,"column":6}},"67":{"start":{"line":211,"column":6},"end":{"line":211,"column":27}},"68":{"start":{"line":211,"column":19},"end":{"line":211,"column":27}},"69":{"start":{"line":212,"column":6},"end":{"line":212,"column":36}},"70":{"start":{"line":212,"column":27},"end":{"line":212,"column":36}},"71":{"start":{"line":213,"column":6},"end":{"line":213,"column":35}},"72":{"start":{"line":213,"column":27},"end":{"line":213,"column":35}},"73":{"start":{"line":215,"column":6},"end":{"line":215,"column":56}},"74":{"start":{"line":215,"column":47},"end":{"line":215,"column":56}},"75":{"start":{"line":216,"column":6},"end":{"line":216,"column":55}},"76":{"start":{"line":216,"column":47},"end":{"line":216,"column":55}},"77":{"start":{"line":217,"column":6},"end":{"line":217,"column":82}},"78":{"start":{"line":217,"column":73},"end":{"line":217,"column":82}},"79":{"start":{"line":218,"column":6},"end":{"line":218,"column":81}},"80":{"start":{"line":218,"column":73},"end":{"line":218,"column":81}},"81":{"start":{"line":219,"column":6},"end":{"line":219,"column":73}},"82":{"start":{"line":219,"column":48},"end":{"line":219,"column":73}},"83":{"start":{"line":221,"column":27},"end":{"line":221,"column":39}},"84":{"start":{"line":222,"column":27},"end":{"line":222,"column":39}},"85":{"start":{"line":224,"column":6},"end":{"line":224,"column":99}},"86":{"start":{"line":224,"column":90},"end":{"line":224,"column":99}},"87":{"start":{"line":225,"column":6},"end":{"line":225,"column":98}},"88":{"start":{"line":225,"column":90},"end":{"line":225,"column":98}},"89":{"start":{"line":226,"column":6},"end":{"line":226,"column":147}},"90":{"start":{"line":226,"column":90},"end":{"line":226,"column":147}},"91":{"start":{"line":227,"column":6},"end":{"line":227,"column":108}},"92":{"start":{"line":227,"column":51},"end":{"line":227,"column":108}},"93":{"start":{"line":229,"column":6},"end":{"line":229,"column":63}},"94":{"start":{"line":232,"column":4},"end":{"line":232,"column":84}},"95":{"start":{"line":234,"column":4},"end":{"line":234,"column":18}},"96":{"start":{"line":246,"column":4},"end":{"line":246,"column":74}},"97":{"start":{"line":248,"column":18},"end":{"line":248,"column":20}},"98":{"start":{"line":252,"column":27},"end":{"line":252,"column":61}},"99":{"start":{"line":254,"column":22},"end":{"line":254,"column":51}},"100":{"start":{"line":256,"column":4},"end":{"line":259,"column":6}},"101":{"start":{"line":257,"column":23},"end":{"line":257,"column":38}},"102":{"start":{"line":258,"column":6},"end":{"line":258,"column":63}},"103":{"start":{"line":261,"column":4},"end":{"line":261,"column":81}},"104":{"start":{"line":263,"column":4},"end":{"line":263,"column":18}},"105":{"start":{"line":277,"column":4},"end":{"line":277,"column":65}},"106":{"start":{"line":279,"column":26},"end":{"line":281,"column":6}},"107":{"start":{"line":280,"column":6},"end":{"line":280,"column":80}},"108":{"start":{"line":283,"column":18},"end":{"line":298,"column":6}},"109":{"start":{"line":284,"column":25},"end":{"line":286,"column":7}},"110":{"start":{"line":288,"column":6},"end":{"line":295,"column":7}},"111":{"start":{"line":289,"column":8},"end":{"line":289,"column":67}},"112":{"start":{"line":290,"column":8},"end":{"line":290,"column":63}},"113":{"start":{"line":291,"column":8},"end":{"line":291,"column":53}},"114":{"start":{"line":292,"column":8},"end":{"line":292,"column":61}},"115":{"start":{"line":294,"column":8},"end":{"line":294,"column":30}},"116":{"start":{"line":297,"column":6},"end":{"line":297,"column":25}},"117":{"start":{"line":300,"column":4},"end":{"line":300,"column":59}},"118":{"start":{"line":302,"column":4},"end":{"line":302,"column":18}},"119":{"start":{"line":325,"column":4},"end":{"line":325,"column":64}},"120":{"start":{"line":327,"column":18},"end":{"line":349,"column":10}},"121":{"start":{"line":328,"column":6},"end":{"line":330,"column":7}},"122":{"start":{"line":329,"column":8},"end":{"line":329,"column":110}},"123":{"start":{"line":332,"column":6},"end":{"line":334,"column":7}},"124":{"start":{"line":333,"column":8},"end":{"line":333,"column":35}},"125":{"start":{"line":336,"column":6},"end":{"line":338,"column":7}},"126":{"start":{"line":337,"column":8},"end":{"line":337,"column":52}},"127":{"start":{"line":340,"column":6},"end":{"line":346,"column":8}},"128":{"start":{"line":341,"column":8},"end":{"line":343,"column":9}},"129":{"start":{"line":342,"column":10},"end":{"line":342,"column":63}},"130":{"start":{"line":345,"column":8},"end":{"line":345,"column":94}},"131":{"start":{"line":348,"column":6},"end":{"line":348,"column":16}},"132":{"start":{"line":351,"column":4},"end":{"line":351,"column":61}},"133":{"start":{"line":353,"column":4},"end":{"line":353,"column":18}},"134":{"start":{"line":363,"column":4},"end":{"line":363,"column":83}},"135":{"start":{"line":365,"column":16},"end":{"line":379,"column":10}},"136":{"start":{"line":366,"column":6},"end":{"line":377,"column":8}},"137":{"start":{"line":367,"column":8},"end":{"line":369,"column":9}},"138":{"start":{"line":368,"column":10},"end":{"line":368,"column":31}},"139":{"start":{"line":370,"column":22},"end":{"line":370,"column":51}},"140":{"start":{"line":372,"column":8},"end":{"line":376,"column":10}},"141":{"start":{"line":373,"column":10},"end":{"line":375,"column":11}},"142":{"start":{"line":374,"column":12},"end":{"line":374,"column":42}},"143":{"start":{"line":378,"column":6},"end":{"line":378,"column":16}},"144":{"start":{"line":384,"column":31},"end":{"line":384,"column":56}},"145":{"start":{"line":386,"column":27},"end":{"line":391,"column":6}},"146":{"start":{"line":387,"column":6},"end":{"line":390,"column":7}},"147":{"start":{"line":393,"column":4},"end":{"line":393,"column":70}},"148":{"start":{"line":395,"column":4},"end":{"line":395,"column":25}},"149":{"start":{"line":407,"column":4},"end":{"line":407,"column":61}},"150":{"start":{"line":409,"column":23},"end":{"line":409,"column":41}},"151":{"start":{"line":410,"column":26},"end":{"line":410,"column":47}},"152":{"start":{"line":411,"column":23},"end":{"line":411,"column":41}},"153":{"start":{"line":413,"column":22},"end":{"line":413,"column":24}},"154":{"start":{"line":418,"column":39},"end":{"line":418,"column":95}},"155":{"start":{"line":419,"column":4},"end":{"line":431,"column":6}},"156":{"start":{"line":420,"column":6},"end":{"line":430,"column":7}},"157":{"start":{"line":421,"column":8},"end":{"line":429,"column":10}},"158":{"start":{"line":422,"column":29},"end":{"line":422,"column":76}},"159":{"start":{"line":424,"column":10},"end":{"line":428,"column":12}},"160":{"start":{"line":425,"column":12},"end":{"line":427,"column":13}},"161":{"start":{"line":426,"column":14},"end":{"line":426,"column":67}},"162":{"start":{"line":433,"column":19},"end":{"line":438,"column":5}},"163":{"start":{"line":440,"column":4},"end":{"line":440,"column":42}},"164":{"start":{"line":442,"column":21},"end":{"line":442,"column":31}},"165":{"start":{"line":444,"column":4},"end":{"line":482,"column":6}},"166":{"start":{"line":449,"column":6},"end":{"line":481,"column":7}},"167":{"start":{"line":450,"column":8},"end":{"line":480,"column":10}},"168":{"start":{"line":451,"column":30},"end":{"line":451,"column":59}},"169":{"start":{"line":452,"column":29},"end":{"line":452,"column":57}},"170":{"start":{"line":454,"column":10},"end":{"line":479,"column":12}},"171":{"start":{"line":455,"column":22},"end":{"line":460,"column":13}},"172":{"start":{"line":462,"column":32},"end":{"line":466,"column":14}},"173":{"start":{"line":463,"column":14},"end":{"line":465,"column":126}},"174":{"start":{"line":468,"column":12},"end":{"line":468,"column":41}},"175":{"start":{"line":470,"column":12},"end":{"line":478,"column":13}},"176":{"start":{"line":477,"column":14},"end":{"line":477,"column":34}},"177":{"start":{"line":484,"column":4},"end":{"line":484,"column":58}},"178":{"start":{"line":486,"column":4},"end":{"line":486,"column":35}},"179":{"start":{"line":498,"column":4},"end":{"line":501,"column":5}},"180":{"start":{"line":499,"column":6},"end":{"line":499,"column":48}},"181":{"start":{"line":500,"column":6},"end":{"line":500,"column":18}},"182":{"start":{"line":503,"column":4},"end":{"line":506,"column":5}},"183":{"start":{"line":504,"column":6},"end":{"line":504,"column":43}},"184":{"start":{"line":505,"column":6},"end":{"line":505,"column":18}},"185":{"start":{"line":508,"column":20},"end":{"line":508,"column":54}},"186":{"start":{"line":509,"column":19},"end":{"line":509,"column":23}},"187":{"start":{"line":511,"column":4},"end":{"line":547,"column":6}},"188":{"start":{"line":512,"column":23},"end":{"line":512,"column":36}},"189":{"start":{"line":513,"column":26},"end":{"line":513,"column":45}},"190":{"start":{"line":514,"column":23},"end":{"line":514,"column":35}},"191":{"start":{"line":516,"column":6},"end":{"line":516,"column":26}},"192":{"start":{"line":517,"column":6},"end":{"line":517,"column":32}},"193":{"start":{"line":518,"column":6},"end":{"line":518,"column":25}},"194":{"start":{"line":519,"column":6},"end":{"line":519,"column":30}},"195":{"start":{"line":521,"column":22},"end":{"line":521,"column":25}},"196":{"start":{"line":523,"column":6},"end":{"line":546,"column":8}},"197":{"start":{"line":524,"column":30},"end":{"line":524,"column":45}},"198":{"start":{"line":525,"column":25},"end":{"line":525,"column":148}},"199":{"start":{"line":526,"column":22},"end":{"line":526,"column":41}},"200":{"start":{"line":528,"column":8},"end":{"line":530,"column":9}},"201":{"start":{"line":529,"column":10},"end":{"line":529,"column":78}},"202":{"start":{"line":532,"column":21},"end":{"line":532,"column":32}},"203":{"start":{"line":534,"column":8},"end":{"line":545,"column":9}},"204":{"start":{"line":535,"column":10},"end":{"line":538,"column":11}},"205":{"start":{"line":537,"column":12},"end":{"line":537,"column":61}},"206":{"start":{"line":540,"column":28},"end":{"line":540,"column":62}},"207":{"start":{"line":541,"column":10},"end":{"line":544,"column":11}},"208":{"start":{"line":542,"column":12},"end":{"line":542,"column":110}},"209":{"start":{"line":543,"column":12},"end":{"line":543,"column":28}},"210":{"start":{"line":549,"column":4},"end":{"line":549,"column":19}},"211":{"start":{"line":553,"column":0},"end":{"line":553,"column":24}}},"fnMap":{"0":{"name":"(anonymous_0)","decl":{"start":{"line":11,"column":12},"end":{"line":11,"column":13}},"loc":{"start":{"line":11,"column":24},"end":{"line":11,"column":26}},"line":11},"1":{"name":"(anonymous_1)","decl":{"start":{"line":31,"column":2},"end":{"line":31,"column":3}},"loc":{"start":{"line":31,"column":31},"end":{"line":33,"column":3}},"line":31},"2":{"name":"(anonymous_2)","decl":{"start":{"line":45,"column":2},"end":{"line":45,"column":3}},"loc":{"start":{"line":45,"column":33},"end":{"line":56,"column":3}},"line":45},"3":{"name":"(anonymous_3)","decl":{"start":{"line":74,"column":2},"end":{"line":74,"column":3}},"loc":{"start":{"line":74,"column":30},"end":{"line":91,"column":3}},"line":74},"4":{"name":"(anonymous_4)","decl":{"start":{"line":99,"column":2},"end":{"line":99,"column":3}},"loc":{"start":{"line":99,"column":31},"end":{"line":144,"column":3}},"line":99},"5":{"name":"(anonymous_5)","decl":{"start":{"line":153,"column":2},"end":{"line":153,"column":3}},"loc":{"start":{"line":153,"column":52},"end":{"line":235,"column":3}},"line":153},"6":{"name":"(anonymous_6)","decl":{"start":{"line":162,"column":25},"end":{"line":162,"column":26}},"loc":{"start":{"line":162,"column":41},"end":{"line":165,"column":5}},"line":162},"7":{"name":"(anonymous_7)","decl":{"start":{"line":167,"column":18},"end":{"line":167,"column":19}},"loc":{"start":{"line":167,"column":34},"end":{"line":202,"column":5}},"line":167},"8":{"name":"(anonymous_8)","decl":{"start":{"line":175,"column":34},"end":{"line":175,"column":35}},"loc":{"start":{"line":175,"column":54},"end":{"line":201,"column":7}},"line":175},"9":{"name":"(anonymous_9)","decl":{"start":{"line":177,"column":56},"end":{"line":177,"column":57}},"loc":{"start":{"line":177,"column":75},"end":{"line":179,"column":11}},"line":177},"10":{"name":"(anonymous_10)","decl":{"start":{"line":181,"column":33},"end":{"line":181,"column":34}},"loc":{"start":{"line":181,"column":58},"end":{"line":199,"column":11}},"line":181},"11":{"name":"(anonymous_11)","decl":{"start":{"line":182,"column":43},"end":{"line":182,"column":44}},"loc":{"start":{"line":182,"column":61},"end":{"line":198,"column":13}},"line":182},"12":{"name":"(anonymous_12)","decl":{"start":{"line":185,"column":35},"end":{"line":185,"column":36}},"loc":{"start":{"line":185,"column":58},"end":{"line":197,"column":15}},"line":185},"13":{"name":"(anonymous_13)","decl":{"start":{"line":210,"column":27},"end":{"line":210,"column":28}},"loc":{"start":{"line":210,"column":43},"end":{"line":230,"column":5}},"line":210},"14":{"name":"(anonymous_14)","decl":{"start":{"line":245,"column":2},"end":{"line":245,"column":3}},"loc":{"start":{"line":245,"column":30},"end":{"line":264,"column":3}},"line":245},"15":{"name":"(anonymous_15)","decl":{"start":{"line":256,"column":22},"end":{"line":256,"column":23}},"loc":{"start":{"line":256,"column":42},"end":{"line":259,"column":5}},"line":256},"16":{"name":"(anonymous_16)","decl":{"start":{"line":276,"column":2},"end":{"line":276,"column":3}},"loc":{"start":{"line":276,"column":57},"end":{"line":303,"column":3}},"line":276},"17":{"name":"(anonymous_17)","decl":{"start":{"line":279,"column":39},"end":{"line":279,"column":40}},"loc":{"start":{"line":279,"column":49},"end":{"line":281,"column":5}},"line":279},"18":{"name":"(anonymous_18)","decl":{"start":{"line":283,"column":38},"end":{"line":283,"column":39}},"loc":{"start":{"line":283,"column":48},"end":{"line":298,"column":5}},"line":283},"19":{"name":"(anonymous_19)","decl":{"start":{"line":324,"column":2},"end":{"line":324,"column":3}},"loc":{"start":{"line":324,"column":50},"end":{"line":354,"column":3}},"line":324},"20":{"name":"(anonymous_20)","decl":{"start":{"line":327,"column":41},"end":{"line":327,"column":42}},"loc":{"start":{"line":327,"column":55},"end":{"line":349,"column":5}},"line":327},"21":{"name":"(anonymous_21)","decl":{"start":{"line":340,"column":42},"end":{"line":340,"column":43}},"loc":{"start":{"line":340,"column":55},"end":{"line":346,"column":7}},"line":340},"22":{"name":"(anonymous_22)","decl":{"start":{"line":362,"column":2},"end":{"line":362,"column":3}},"loc":{"start":{"line":362,"column":37},"end":{"line":396,"column":3}},"line":362},"23":{"name":"(anonymous_23)","decl":{"start":{"line":365,"column":46},"end":{"line":365,"column":47}},"loc":{"start":{"line":365,"column":60},"end":{"line":379,"column":5}},"line":365},"24":{"name":"(anonymous_24)","decl":{"start":{"line":366,"column":31},"end":{"line":366,"column":32}},"loc":{"start":{"line":366,"column":48},"end":{"line":377,"column":7}},"line":366},"25":{"name":"(anonymous_25)","decl":{"start":{"line":372,"column":22},"end":{"line":372,"column":23}},"loc":{"start":{"line":372,"column":35},"end":{"line":376,"column":9}},"line":372},"26":{"name":"(anonymous_26)","decl":{"start":{"line":386,"column":50},"end":{"line":386,"column":51}},"loc":{"start":{"line":386,"column":67},"end":{"line":391,"column":5}},"line":386},"27":{"name":"(anonymous_27)","decl":{"start":{"line":406,"column":2},"end":{"line":406,"column":3}},"loc":{"start":{"line":406,"column":49},"end":{"line":487,"column":3}},"line":406},"28":{"name":"(anonymous_28)","decl":{"start":{"line":419,"column":39},"end":{"line":419,"column":40}},"loc":{"start":{"line":419,"column":54},"end":{"line":431,"column":5}},"line":419},"29":{"name":"(anonymous_29)","decl":{"start":{"line":421,"column":51},"end":{"line":421,"column":52}},"loc":{"start":{"line":421,"column":68},"end":{"line":429,"column":9}},"line":421},"30":{"name":"(anonymous_30)","decl":{"start":{"line":424,"column":29},"end":{"line":424,"column":30}},"loc":{"start":{"line":424,"column":43},"end":{"line":428,"column":11}},"line":424},"31":{"name":"(anonymous_31)","decl":{"start":{"line":444,"column":31},"end":{"line":444,"column":32}},"loc":{"start":{"line":444,"column":46},"end":{"line":482,"column":5}},"line":444},"32":{"name":"(anonymous_32)","decl":{"start":{"line":450,"column":30},"end":{"line":450,"column":31}},"loc":{"start":{"line":450,"column":53},"end":{"line":480,"column":9}},"line":450},"33":{"name":"(anonymous_33)","decl":{"start":{"line":454,"column":29},"end":{"line":454,"column":30}},"loc":{"start":{"line":454,"column":42},"end":{"line":479,"column":11}},"line":454},"34":{"name":"(anonymous_34)","decl":{"start":{"line":462,"column":47},"end":{"line":462,"column":48}},"loc":{"start":{"line":462,"column":59},"end":{"line":466,"column":13}},"line":462},"35":{"name":"(anonymous_35)","decl":{"start":{"line":497,"column":2},"end":{"line":497,"column":3}},"loc":{"start":{"line":497,"column":46},"end":{"line":550,"column":3}},"line":497},"36":{"name":"(anonymous_36)","decl":{"start":{"line":511,"column":20},"end":{"line":511,"column":21}},"loc":{"start":{"line":511,"column":29},"end":{"line":547,"column":5}},"line":511},"37":{"name":"(anonymous_37)","decl":{"start":{"line":523,"column":35},"end":{"line":523,"column":36}},"loc":{"start":{"line":523,"column":47},"end":{"line":546,"column":7}},"line":523}},"branchMap":{"0":{"loc":{"start":{"line":48,"column":4},"end":{"line":50,"column":5}},"type":"if","locations":[{"start":{"line":48,"column":4},"end":{"line":50,"column":5}},{"start":{"line":48,"column":4},"end":{"line":50,"column":5}}],"line":48},"1":{"loc":{"start":{"line":78,"column":4},"end":{"line":80,"column":5}},"type":"if","locations":[{"start":{"line":78,"column":4},"end":{"line":80,"column":5}},{"start":{"line":78,"column":4},"end":{"line":80,"column":5}}],"line":78},"2":{"loc":{"start":{"line":82,"column":4},"end":{"line":84,"column":5}},"type":"if","locations":[{"start":{"line":82,"column":4},"end":{"line":84,"column":5}},{"start":{"line":82,"column":4},"end":{"line":84,"column":5}}],"line":82},"3":{"loc":{"start":{"line":86,"column":4},"end":{"line":88,"column":5}},"type":"if","locations":[{"start":{"line":86,"column":4},"end":{"line":88,"column":5}},{"start":{"line":86,"column":4},"end":{"line":88,"column":5}}],"line":86},"4":{"loc":{"start":{"line":116,"column":4},"end":{"line":119,"column":5}},"type":"if","locations":[{"start":{"line":116,"column":4},"end":{"line":119,"column":5}},{"start":{"line":116,"column":4},"end":{"line":119,"column":5}}],"line":116},"5":{"loc":{"start":{"line":176,"column":8},"end":{"line":200,"column":9}},"type":"if","locations":[{"start":{"line":176,"column":8},"end":{"line":200,"column":9}},{"start":{"line":176,"column":8},"end":{"line":200,"column":9}}],"line":176},"6":{"loc":{"start":{"line":186,"column":16},"end":{"line":192,"column":17}},"type":"if","locations":[{"start":{"line":186,"column":16},"end":{"line":192,"column":17}},{"start":{"line":186,"column":16},"end":{"line":192,"column":17}}],"line":186},"7":{"loc":{"start":{"line":189,"column":18},"end":{"line":191,"column":19}},"type":"if","locations":[{"start":{"line":189,"column":18},"end":{"line":191,"column":19}},{"start":{"line":189,"column":18},"end":{"line":191,"column":19}}],"line":189},"8":{"loc":{"start":{"line":194,"column":16},"end":{"line":196,"column":17}},"type":"if","locations":[{"start":{"line":194,"column":16},"end":{"line":196,"column":17}},{"start":{"line":194,"column":16},"end":{"line":196,"column":17}}],"line":194},"9":{"loc":{"start":{"line":211,"column":6},"end":{"line":211,"column":27}},"type":"if","locations":[{"start":{"line":211,"column":6},"end":{"line":211,"column":27}},{"start":{"line":211,"column":6},"end":{"line":211,"column":27}}],"line":211},"10":{"loc":{"start":{"line":212,"column":6},"end":{"line":212,"column":36}},"type":"if","locations":[{"start":{"line":212,"column":6},"end":{"line":212,"column":36}},{"start":{"line":212,"column":6},"end":{"line":212,"column":36}}],"line":212},"11":{"loc":{"start":{"line":213,"column":6},"end":{"line":213,"column":35}},"type":"if","locations":[{"start":{"line":213,"column":6},"end":{"line":213,"column":35}},{"start":{"line":213,"column":6},"end":{"line":213,"column":35}}],"line":213},"12":{"loc":{"start":{"line":215,"column":6},"end":{"line":215,"column":56}},"type":"if","locations":[{"start":{"line":215,"column":6},"end":{"line":215,"column":56}},{"start":{"line":215,"column":6},"end":{"line":215,"column":56}}],"line":215},"13":{"loc":{"start":{"line":215,"column":10},"end":{"line":215,"column":45}},"type":"binary-expr","locations":[{"start":{"line":215,"column":10},"end":{"line":215,"column":26}},{"start":{"line":215,"column":30},"end":{"line":215,"column":45}}],"line":215},"14":{"loc":{"start":{"line":216,"column":6},"end":{"line":216,"column":55}},"type":"if","locations":[{"start":{"line":216,"column":6},"end":{"line":216,"column":55}},{"start":{"line":216,"column":6},"end":{"line":216,"column":55}}],"line":216},"15":{"loc":{"start":{"line":216,"column":10},"end":{"line":216,"column":45}},"type":"binary-expr","locations":[{"start":{"line":216,"column":10},"end":{"line":216,"column":25}},{"start":{"line":216,"column":29},"end":{"line":216,"column":45}}],"line":216},"16":{"loc":{"start":{"line":217,"column":6},"end":{"line":217,"column":82}},"type":"if","locations":[{"start":{"line":217,"column":6},"end":{"line":217,"column":82}},{"start":{"line":217,"column":6},"end":{"line":217,"column":82}}],"line":217},"17":{"loc":{"start":{"line":217,"column":10},"end":{"line":217,"column":71}},"type":"binary-expr","locations":[{"start":{"line":217,"column":10},"end":{"line":217,"column":26}},{"start":{"line":217,"column":30},"end":{"line":217,"column":46}},{"start":{"line":217,"column":50},"end":{"line":217,"column":71}}],"line":217},"18":{"loc":{"start":{"line":218,"column":6},"end":{"line":218,"column":81}},"type":"if","locations":[{"start":{"line":218,"column":6},"end":{"line":218,"column":81}},{"start":{"line":218,"column":6},"end":{"line":218,"column":81}}],"line":218},"19":{"loc":{"start":{"line":218,"column":10},"end":{"line":218,"column":71}},"type":"binary-expr","locations":[{"start":{"line":218,"column":10},"end":{"line":218,"column":26}},{"start":{"line":218,"column":30},"end":{"line":218,"column":46}},{"start":{"line":218,"column":50},"end":{"line":218,"column":71}}],"line":218},"20":{"loc":{"start":{"line":219,"column":6},"end":{"line":219,"column":73}},"type":"if","locations":[{"start":{"line":219,"column":6},"end":{"line":219,"column":73}},{"start":{"line":219,"column":6},"end":{"line":219,"column":73}}],"line":219},"21":{"loc":{"start":{"line":219,"column":10},"end":{"line":219,"column":46}},"type":"binary-expr","locations":[{"start":{"line":219,"column":10},"end":{"line":219,"column":26}},{"start":{"line":219,"column":30},"end":{"line":219,"column":46}}],"line":219},"22":{"loc":{"start":{"line":224,"column":6},"end":{"line":224,"column":99}},"type":"if","locations":[{"start":{"line":224,"column":6},"end":{"line":224,"column":99}},{"start":{"line":224,"column":6},"end":{"line":224,"column":99}}],"line":224},"23":{"loc":{"start":{"line":224,"column":10},"end":{"line":224,"column":88}},"type":"binary-expr","locations":[{"start":{"line":224,"column":10},"end":{"line":224,"column":47}},{"start":{"line":224,"column":51},"end":{"line":224,"column":88}}],"line":224},"24":{"loc":{"start":{"line":225,"column":6},"end":{"line":225,"column":98}},"type":"if","locations":[{"start":{"line":225,"column":6},"end":{"line":225,"column":98}},{"start":{"line":225,"column":6},"end":{"line":225,"column":98}}],"line":225},"25":{"loc":{"start":{"line":225,"column":10},"end":{"line":225,"column":88}},"type":"binary-expr","locations":[{"start":{"line":225,"column":10},"end":{"line":225,"column":47}},{"start":{"line":225,"column":51},"end":{"line":225,"column":88}}],"line":225},"26":{"loc":{"start":{"line":226,"column":6},"end":{"line":226,"column":147}},"type":"if","locations":[{"start":{"line":226,"column":6},"end":{"line":226,"column":147}},{"start":{"line":226,"column":6},"end":{"line":226,"column":147}}],"line":226},"27":{"loc":{"start":{"line":226,"column":10},"end":{"line":226,"column":88}},"type":"binary-expr","locations":[{"start":{"line":226,"column":10},"end":{"line":226,"column":47}},{"start":{"line":226,"column":51},"end":{"line":226,"column":88}}],"line":226},"28":{"loc":{"start":{"line":227,"column":6},"end":{"line":227,"column":108}},"type":"if","locations":[{"start":{"line":227,"column":6},"end":{"line":227,"column":108}},{"start":{"line":227,"column":6},"end":{"line":227,"column":108}}],"line":227},"29":{"loc":{"start":{"line":328,"column":6},"end":{"line":330,"column":7}},"type":"if","locations":[{"start":{"line":328,"column":6},"end":{"line":330,"column":7}},{"start":{"line":328,"column":6},"end":{"line":330,"column":7}}],"line":328},"30":{"loc":{"start":{"line":332,"column":6},"end":{"line":334,"column":7}},"type":"if","locations":[{"start":{"line":332,"column":6},"end":{"line":334,"column":7}},{"start":{"line":332,"column":6},"end":{"line":334,"column":7}}],"line":332},"31":{"loc":{"start":{"line":336,"column":6},"end":{"line":338,"column":7}},"type":"if","locations":[{"start":{"line":336,"column":6},"end":{"line":338,"column":7}},{"start":{"line":336,"column":6},"end":{"line":338,"column":7}}],"line":336},"32":{"loc":{"start":{"line":341,"column":8},"end":{"line":343,"column":9}},"type":"if","locations":[{"start":{"line":341,"column":8},"end":{"line":343,"column":9}},{"start":{"line":341,"column":8},"end":{"line":343,"column":9}}],"line":341},"33":{"loc":{"start":{"line":367,"column":8},"end":{"line":369,"column":9}},"type":"if","locations":[{"start":{"line":367,"column":8},"end":{"line":369,"column":9}},{"start":{"line":367,"column":8},"end":{"line":369,"column":9}}],"line":367},"34":{"loc":{"start":{"line":373,"column":10},"end":{"line":375,"column":11}},"type":"if","locations":[{"start":{"line":373,"column":10},"end":{"line":375,"column":11}},{"start":{"line":373,"column":10},"end":{"line":375,"column":11}}],"line":373},"35":{"loc":{"start":{"line":420,"column":6},"end":{"line":430,"column":7}},"type":"if","locations":[{"start":{"line":420,"column":6},"end":{"line":430,"column":7}},{"start":{"line":420,"column":6},"end":{"line":430,"column":7}}],"line":420},"36":{"loc":{"start":{"line":425,"column":12},"end":{"line":427,"column":13}},"type":"if","locations":[{"start":{"line":425,"column":12},"end":{"line":427,"column":13}},{"start":{"line":425,"column":12},"end":{"line":427,"column":13}}],"line":425},"37":{"loc":{"start":{"line":449,"column":6},"end":{"line":481,"column":7}},"type":"if","locations":[{"start":{"line":449,"column":6},"end":{"line":481,"column":7}},{"start":{"line":449,"column":6},"end":{"line":481,"column":7}}],"line":449},"38":{"loc":{"start":{"line":463,"column":21},"end":{"line":465,"column":126}},"type":"cond-expr","locations":[{"start":{"line":465,"column":70},"end":{"line":465,"column":121}},{"start":{"line":465,"column":124},"end":{"line":465,"column":126}}],"line":463},"39":{"loc":{"start":{"line":463,"column":21},"end":{"line":465,"column":67}},"type":"binary-expr","locations":[{"start":{"line":463,"column":21},"end":{"line":463,"column":55}},{"start":{"line":464,"column":16},"end":{"line":464,"column":59}},{"start":{"line":465,"column":16},"end":{"line":465,"column":67}}],"line":463},"40":{"loc":{"start":{"line":470,"column":12},"end":{"line":478,"column":13}},"type":"if","locations":[{"start":{"line":470,"column":12},"end":{"line":478,"column":13}},{"start":{"line":470,"column":12},"end":{"line":478,"column":13}}],"line":470},"41":{"loc":{"start":{"line":471,"column":14},"end":{"line":475,"column":15}},"type":"binary-expr","locations":[{"start":{"line":471,"column":14},"end":{"line":471,"column":49}},{"start":{"line":473,"column":16},"end":{"line":473,"column":50}},{"start":{"line":474,"column":16},"end":{"line":474,"column":59}}],"line":471},"42":{"loc":{"start":{"line":498,"column":4},"end":{"line":501,"column":5}},"type":"if","locations":[{"start":{"line":498,"column":4},"end":{"line":501,"column":5}},{"start":{"line":498,"column":4},"end":{"line":501,"column":5}}],"line":498},"43":{"loc":{"start":{"line":503,"column":4},"end":{"line":506,"column":5}},"type":"if","locations":[{"start":{"line":503,"column":4},"end":{"line":506,"column":5}},{"start":{"line":503,"column":4},"end":{"line":506,"column":5}}],"line":503},"44":{"loc":{"start":{"line":525,"column":95},"end":{"line":525,"column":135}},"type":"cond-expr","locations":[{"start":{"line":525,"column":118},"end":{"line":525,"column":130}},{"start":{"line":525,"column":133},"end":{"line":525,"column":135}}],"line":525},"45":{"loc":{"start":{"line":528,"column":8},"end":{"line":530,"column":9}},"type":"if","locations":[{"start":{"line":528,"column":8},"end":{"line":530,"column":9}},{"start":{"line":528,"column":8},"end":{"line":530,"column":9}}],"line":528},"46":{"loc":{"start":{"line":534,"column":8},"end":{"line":545,"column":9}},"type":"if","locations":[{"start":{"line":534,"column":8},"end":{"line":545,"column":9}},{"start":{"line":534,"column":8},"end":{"line":545,"column":9}}],"line":534},"47":{"loc":{"start":{"line":535,"column":10},"end":{"line":538,"column":11}},"type":"if","locations":[{"start":{"line":535,"column":10},"end":{"line":538,"column":11}},{"start":{"line":535,"column":10},"end":{"line":538,"column":11}}],"line":535},"48":{"loc":{"start":{"line":541,"column":10},"end":{"line":544,"column":11}},"type":"if","locations":[{"start":{"line":541,"column":10},"end":{"line":544,"column":11}},{"start":{"line":541,"column":10},"end":{"line":544,"column":11}}],"line":541},"49":{"loc":{"start":{"line":541,"column":14},"end":{"line":541,"column":75}},"type":"binary-expr","locations":[{"start":{"line":541,"column":14},"end":{"line":541,"column":34}},{"start":{"line":541,"column":38},"end":{"line":541,"column":75}}],"line":541}},"s":{"0":1,"1":1,"2":1,"3":1,"4":1,"5":1,"6":1,"7":1,"8":1,"9":1,"10":80,"11":167,"12":167,"13":1,"14":166,"15":166,"16":166,"17":80,"18":80,"19":80,"20":35,"21":45,"22":25,"23":20,"24":0,"25":20,"26":2,"27":2,"28":2,"29":2,"30":2,"31":0,"32":0,"33":2,"34":2,"35":2,"36":2,"37":2,"38":2,"39":0,"40":2,"41":2,"42":6,"43":6,"44":6,"45":6,"46":6,"47":6,"48":6,"49":6,"50":6,"51":6,"52":24,"53":6,"54":12,"55":6,"56":6,"57":6,"58":6,"59":36,"60":36,"61":36,"62":36,"63":36,"64":12,"65":6,"66":6,"67":74,"68":0,"69":74,"70":1,"71":73,"72":18,"73":55,"74":6,"75":49,"76":18,"77":31,"78":5,"79":26,"80":2,"81":24,"82":18,"83":6,"84":6,"85":6,"86":0,"87":6,"88":0,"89":6,"90":0,"91":6,"92":6,"93":0,"94":6,"95":6,"96":80,"97":80,"98":80,"99":80,"100":80,"101":80,"102":80,"103":80,"104":80,"105":5,"106":5,"107":85,"108":5,"109":80,"110":80,"111":80,"112":80,"113":80,"114":80,"115":0,"116":80,"117":5,"118":5,"119":4,"120":4,"121":64,"122":0,"123":64,"124":16,"125":64,"126":20,"127":64,"128":64,"129":20,"130":64,"131":64,"132":4,"133":4,"134":3,"135":3,"136":12,"137":15,"138":12,"139":15,"140":15,"141":15,"142":12,"143":12,"144":3,"145":3,"146":12,"147":3,"148":3,"149":1,"150":1,"151":1,"152":1,"153":1,"154":1,"155":1,"156":4,"157":4,"158":5,"159":5,"160":5,"161":4,"162":1,"163":1,"164":1,"165":1,"166":4,"167":4,"168":16,"169":16,"170":16,"171":16,"172":16,"173":128,"174":16,"175":16,"176":8,"177":1,"178":1,"179":3,"180":0,"181":0,"182":3,"183":0,"184":0,"185":3,"186":3,"187":3,"188":24,"189":24,"190":24,"191":24,"192":24,"193":24,"194":24,"195":24,"196":24,"197":192,"198":192,"199":192,"200":192,"201":0,"202":192,"203":192,"204":143,"205":0,"206":49,"207":49,"208":2,"209":2,"210":3,"211":1},"f":{"0":214,"1":80,"2":167,"3":80,"4":2,"5":6,"6":6,"7":6,"8":24,"9":12,"10":6,"11":6,"12":36,"13":74,"14":80,"15":80,"16":5,"17":85,"18":80,"19":4,"20":64,"21":64,"22":3,"23":12,"24":15,"25":15,"26":12,"27":1,"28":4,"29":5,"30":5,"31":4,"32":16,"33":16,"34":128,"35":3,"36":24,"37":192},"b":{"0":[1,166],"1":[35,45],"2":[25,20],"3":[0,20],"4":[0,2],"5":[6,18],"6":[36,0],"7":[36,0],"8":[12,24],"9":[0,74],"10":[1,73],"11":[18,55],"12":[6,49],"13":[55,31],"14":[18,31],"15":[49,24],"16":[5,26],"17":[31,25,25],"18":[2,24],"19":[26,20,20],"20":[18,6],"21":[24,18],"22":[0,6],"23":[6,0],"24":[0,6],"25":[6,6],"26":[0,6],"27":[6,0],"28":[6,0],"29":[0,64],"30":[16,48],"31":[20,44],"32":[20,44],"33":[12,3],"34":[12,3],"35":[4,0],"36":[4,1],"37":[4,0],"38":[16,112],"39":[128,40,40],"40":[8,8],"41":[16,12,4],"42":[0,3],"43":[0,3],"44":[168,24],"45":[0,192],"46":[143,49],"47":[0,143],"48":[2,47],"49":[49,48]},"_coverageSchema":"332fd63041d2c1bcb487cc26dd0d5f7d97098a6c","hash":"393358d1fba989d57666cd7b377f02487e01eaaf"}
}
