TN:
SF:/Users/jamie/Projects/sfcc/sfcc-locale-analyzer/helpers.js
FN:11,(anonymous_0)
FN:27,(anonymous_1)
FN:37,(anonymous_2)
FN:55,(anonymous_3)
FN:80,(anonymous_4)
FN:131,(anonymous_5)
FN:137,(anonymous_6)
FN:142,(anonymous_7)
FN:147,(anonymous_8)
FN:149,(anonymous_9)
FN:153,(anonymous_10)
FN:154,(anonymous_11)
FN:157,(anonymous_12)
FN:177,(anonymous_13)
FN:212,(anonymous_14)
FN:223,(anonymous_15)
FN:243,(anonymous_16)
FN:246,(anonymous_17)
FN:250,(anonymous_18)
FN:291,(anonymous_19)
FN:294,(anonymous_20)
FN:307,(anonymous_21)
FN:329,(anonymous_22)
FN:332,(anonymous_23)
FN:333,(anonymous_24)
FN:339,(anonymous_25)
FN:353,(anonymous_26)
FN:373,(anonymous_27)
FN:386,(anonymous_28)
FN:388,(anonymous_29)
FN:391,(anonymous_30)
FN:411,(anonymous_31)
FN:417,(anonymous_32)
FN:421,(anonymous_33)
FN:429,(anonymous_34)
FN:464,(anonymous_35)
FN:478,(anonymous_36)
FN:490,(anonymous_37)
FNF:38
FNH:38
FNDA:214,(anonymous_0)
FNDA:80,(anonymous_1)
FNDA:167,(anonymous_2)
FNDA:80,(anonymous_3)
FNDA:2,(anonymous_4)
FNDA:6,(anonymous_5)
FNDA:6,(anonymous_6)
FNDA:6,(anonymous_7)
FNDA:24,(anonymous_8)
FNDA:12,(anonymous_9)
FNDA:6,(anonymous_10)
FNDA:6,(anonymous_11)
FNDA:36,(anonymous_12)
FNDA:74,(anonymous_13)
FNDA:80,(anonymous_14)
FNDA:80,(anonymous_15)
FNDA:5,(anonymous_16)
FNDA:85,(anonymous_17)
FNDA:80,(anonymous_18)
FNDA:4,(anonymous_19)
FNDA:64,(anonymous_20)
FNDA:64,(anonymous_21)
FNDA:3,(anonymous_22)
FNDA:12,(anonymous_23)
FNDA:15,(anonymous_24)
FNDA:15,(anonymous_25)
FNDA:12,(anonymous_26)
FNDA:1,(anonymous_27)
FNDA:4,(anonymous_28)
FNDA:5,(anonymous_29)
FNDA:5,(anonymous_30)
FNDA:4,(anonymous_31)
FNDA:16,(anonymous_32)
FNDA:16,(anonymous_33)
FNDA:128,(anonymous_34)
FNDA:3,(anonymous_35)
FNDA:24,(anonymous_36)
FNDA:192,(anonymous_37)
DA:2,1
DA:3,1
DA:4,1
DA:5,1
DA:6,1
DA:7,1
DA:8,1
DA:9,1
DA:11,1
DA:13,1
DA:28,80
DA:38,167
DA:40,167
DA:41,1
DA:44,166
DA:45,166
DA:47,166
DA:56,80
DA:57,80
DA:59,80
DA:60,35
DA:63,45
DA:64,25
DA:67,20
DA:68,0
DA:71,20
DA:81,2
DA:88,2
DA:94,2
DA:95,2
DA:97,2
DA:98,0
DA:99,0
DA:102,2
DA:104,2
DA:105,2
DA:106,2
DA:108,2
DA:110,2
DA:116,0
DA:119,2
DA:121,2
DA:132,6
DA:134,6
DA:135,6
DA:137,6
DA:138,6
DA:139,6
DA:142,6
DA:143,6
DA:145,6
DA:147,6
DA:148,24
DA:149,6
DA:150,12
DA:153,6
DA:154,6
DA:155,6
DA:157,6
DA:158,36
DA:159,36
DA:161,36
DA:162,36
DA:166,36
DA:167,12
DA:176,6
DA:177,6
DA:178,74
DA:179,74
DA:180,73
DA:182,55
DA:183,49
DA:184,31
DA:185,26
DA:186,24
DA:188,6
DA:189,6
DA:191,6
DA:192,6
DA:193,6
DA:194,6
DA:196,0
DA:199,6
DA:201,6
DA:213,80
DA:215,80
DA:219,80
DA:221,80
DA:223,80
DA:224,80
DA:225,80
DA:228,80
DA:230,80
DA:244,5
DA:246,5
DA:247,85
DA:250,5
DA:251,80
DA:255,80
DA:256,80
DA:257,80
DA:258,80
DA:259,80
DA:261,0
DA:264,80
DA:267,5
DA:269,5
DA:292,4
DA:294,4
DA:295,64
DA:296,0
DA:299,64
DA:300,16
DA:303,64
DA:304,20
DA:307,64
DA:308,64
DA:309,20
DA:312,64
DA:315,64
DA:318,4
DA:320,4
DA:330,3
DA:332,3
DA:333,12
DA:334,15
DA:335,12
DA:337,15
DA:339,15
DA:340,15
DA:341,12
DA:345,12
DA:351,3
DA:353,3
DA:354,12
DA:360,3
DA:362,3
DA:374,1
DA:376,1
DA:377,1
DA:378,1
DA:380,1
DA:385,1
DA:386,1
DA:387,4
DA:388,4
DA:389,5
DA:391,5
DA:392,5
DA:393,4
DA:400,1
DA:407,1
DA:409,1
DA:411,1
DA:416,4
DA:417,4
DA:418,16
DA:419,16
DA:421,16
DA:422,16
DA:429,16
DA:430,128
DA:435,16
DA:437,16
DA:444,8
DA:451,1
DA:453,1
DA:465,3
DA:466,0
DA:467,0
DA:470,3
DA:471,0
DA:472,0
DA:475,3
DA:476,3
DA:478,3
DA:479,24
DA:480,24
DA:481,24
DA:483,24
DA:484,24
DA:485,24
DA:486,24
DA:488,24
DA:490,24
DA:491,192
DA:492,192
DA:493,192
DA:495,192
DA:496,0
DA:499,192
DA:501,192
DA:502,143
DA:504,0
DA:507,49
DA:508,49
DA:509,2
DA:510,2
DA:516,3
DA:520,1
LF:200
LH:187
BRDA:40,0,0,1
BRDA:40,0,1,166
BRDA:59,1,0,35
BRDA:59,1,1,45
BRDA:63,2,0,25
BRDA:63,2,1,20
BRDA:67,3,0,0
BRDA:67,3,1,20
BRDA:97,4,0,0
BRDA:97,4,1,2
BRDA:148,5,0,6
BRDA:148,5,1,18
BRDA:158,6,0,36
BRDA:158,6,1,0
BRDA:161,7,0,36
BRDA:161,7,1,0
BRDA:166,8,0,12
BRDA:166,8,1,24
BRDA:178,9,0,0
BRDA:178,9,1,74
BRDA:179,10,0,1
BRDA:179,10,1,73
BRDA:180,11,0,18
BRDA:180,11,1,55
BRDA:182,12,0,6
BRDA:182,12,1,49
BRDA:182,13,0,55
BRDA:182,13,1,31
BRDA:183,14,0,18
BRDA:183,14,1,31
BRDA:183,15,0,49
BRDA:183,15,1,24
BRDA:184,16,0,5
BRDA:184,16,1,26
BRDA:184,17,0,31
BRDA:184,17,1,25
BRDA:184,17,2,25
BRDA:185,18,0,2
BRDA:185,18,1,24
BRDA:185,19,0,26
BRDA:185,19,1,20
BRDA:185,19,2,20
BRDA:186,20,0,18
BRDA:186,20,1,6
BRDA:186,21,0,24
BRDA:186,21,1,18
BRDA:191,22,0,0
BRDA:191,22,1,6
BRDA:191,23,0,6
BRDA:191,23,1,0
BRDA:192,24,0,0
BRDA:192,24,1,6
BRDA:192,25,0,6
BRDA:192,25,1,6
BRDA:193,26,0,0
BRDA:193,26,1,6
BRDA:193,27,0,6
BRDA:193,27,1,0
BRDA:194,28,0,6
BRDA:194,28,1,0
BRDA:295,29,0,0
BRDA:295,29,1,64
BRDA:299,30,0,16
BRDA:299,30,1,48
BRDA:303,31,0,20
BRDA:303,31,1,44
BRDA:308,32,0,20
BRDA:308,32,1,44
BRDA:334,33,0,12
BRDA:334,33,1,3
BRDA:340,34,0,12
BRDA:340,34,1,3
BRDA:387,35,0,4
BRDA:387,35,1,0
BRDA:392,36,0,4
BRDA:392,36,1,1
BRDA:416,37,0,4
BRDA:416,37,1,0
BRDA:430,38,0,16
BRDA:430,38,1,112
BRDA:430,39,0,128
BRDA:430,39,1,40
BRDA:430,39,2,40
BRDA:437,40,0,8
BRDA:437,40,1,8
BRDA:438,41,0,16
BRDA:438,41,1,12
BRDA:438,41,2,4
BRDA:465,42,0,0
BRDA:465,42,1,3
BRDA:470,43,0,0
BRDA:470,43,1,3
BRDA:492,44,0,168
BRDA:492,44,1,24
BRDA:495,45,0,0
BRDA:495,45,1,192
BRDA:501,46,0,143
BRDA:501,46,1,49
BRDA:502,47,0,0
BRDA:502,47,1,143
BRDA:508,48,0,2
BRDA:508,48,1,47
BRDA:508,49,0,49
BRDA:508,49,1,48
BRF:104
BRH:86
end_of_record
