TN:
SF:/Users/jkimmell/Projects/sfcc/sfcc-locale-analyzer/helpers.js
FN:11,(anonymous_0)
FN:31,(anonymous_1)
FN:45,(anonymous_2)
FN:74,(anonymous_3)
FN:99,(anonymous_4)
FN:153,(anonymous_5)
FN:162,(anonymous_6)
FN:167,(anonymous_7)
FN:175,(anonymous_8)
FN:177,(anonymous_9)
FN:181,(anonymous_10)
FN:182,(anonymous_11)
FN:185,(anonymous_12)
FN:210,(anonymous_13)
FN:245,(anonymous_14)
FN:256,(anonymous_15)
FN:276,(anonymous_16)
FN:279,(anonymous_17)
FN:283,(anonymous_18)
FN:324,(anonymous_19)
FN:327,(anonymous_20)
FN:340,(anonymous_21)
FN:362,(anonymous_22)
FN:365,(anonymous_23)
FN:366,(anonymous_24)
FN:372,(anonymous_25)
FN:386,(anonymous_26)
FN:406,(anonymous_27)
FN:419,(anonymous_28)
FN:421,(anonymous_29)
FN:424,(anonymous_30)
FN:444,(anonymous_31)
FN:450,(anonymous_32)
FN:454,(anonymous_33)
FN:462,(anonymous_34)
FN:497,(anonymous_35)
FN:511,(anonymous_36)
FN:523,(anonymous_37)
FNF:38
FNH:38
FNDA:214,(anonymous_0)
FNDA:80,(anonymous_1)
FNDA:167,(anonymous_2)
FNDA:80,(anonymous_3)
FNDA:2,(anonymous_4)
FNDA:6,(anonymous_5)
FNDA:6,(anonymous_6)
FNDA:6,(anonymous_7)
FNDA:24,(anonymous_8)
FNDA:12,(anonymous_9)
FNDA:6,(anonymous_10)
FNDA:6,(anonymous_11)
FNDA:36,(anonymous_12)
FNDA:74,(anonymous_13)
FNDA:80,(anonymous_14)
FNDA:80,(anonymous_15)
FNDA:5,(anonymous_16)
FNDA:85,(anonymous_17)
FNDA:80,(anonymous_18)
FNDA:4,(anonymous_19)
FNDA:64,(anonymous_20)
FNDA:64,(anonymous_21)
FNDA:3,(anonymous_22)
FNDA:12,(anonymous_23)
FNDA:15,(anonymous_24)
FNDA:15,(anonymous_25)
FNDA:12,(anonymous_26)
FNDA:1,(anonymous_27)
FNDA:4,(anonymous_28)
FNDA:5,(anonymous_29)
FNDA:5,(anonymous_30)
FNDA:4,(anonymous_31)
FNDA:16,(anonymous_32)
FNDA:16,(anonymous_33)
FNDA:128,(anonymous_34)
FNDA:3,(anonymous_35)
FNDA:24,(anonymous_36)
FNDA:192,(anonymous_37)
DA:2,1
DA:3,1
DA:4,1
DA:5,1
DA:6,1
DA:7,1
DA:8,1
DA:9,1
DA:11,1
DA:13,1
DA:32,80
DA:46,167
DA:48,167
DA:49,1
DA:52,166
DA:53,166
DA:55,166
DA:75,80
DA:76,80
DA:78,80
DA:79,35
DA:82,45
DA:83,25
DA:86,20
DA:87,0
DA:90,20
DA:100,2
DA:107,2
DA:113,2
DA:114,2
DA:116,2
DA:117,0
DA:118,0
DA:121,2
DA:126,2
DA:127,2
DA:128,2
DA:130,2
DA:132,2
DA:138,0
DA:141,2
DA:143,2
DA:154,6
DA:159,6
DA:160,6
DA:162,6
DA:163,6
DA:164,6
DA:167,6
DA:171,6
DA:173,6
DA:175,6
DA:176,24
DA:177,6
DA:178,12
DA:181,6
DA:182,6
DA:183,6
DA:185,6
DA:186,36
DA:187,36
DA:189,36
DA:190,36
DA:194,36
DA:195,12
DA:209,6
DA:210,6
DA:211,74
DA:212,74
DA:213,73
DA:215,55
DA:216,49
DA:217,31
DA:218,26
DA:219,24
DA:221,6
DA:222,6
DA:224,6
DA:225,6
DA:226,6
DA:227,6
DA:229,0
DA:232,6
DA:234,6
DA:246,80
DA:248,80
DA:252,80
DA:254,80
DA:256,80
DA:257,80
DA:258,80
DA:261,80
DA:263,80
DA:277,5
DA:279,5
DA:280,85
DA:283,5
DA:284,80
DA:288,80
DA:289,80
DA:290,80
DA:291,80
DA:292,80
DA:294,0
DA:297,80
DA:300,5
DA:302,5
DA:325,4
DA:327,4
DA:328,64
DA:329,0
DA:332,64
DA:333,16
DA:336,64
DA:337,20
DA:340,64
DA:341,64
DA:342,20
DA:345,64
DA:348,64
DA:351,4
DA:353,4
DA:363,3
DA:365,3
DA:366,12
DA:367,15
DA:368,12
DA:370,15
DA:372,15
DA:373,15
DA:374,12
DA:378,12
DA:384,3
DA:386,3
DA:387,12
DA:393,3
DA:395,3
DA:407,1
DA:409,1
DA:410,1
DA:411,1
DA:413,1
DA:418,1
DA:419,1
DA:420,4
DA:421,4
DA:422,5
DA:424,5
DA:425,5
DA:426,4
DA:433,1
DA:440,1
DA:442,1
DA:444,1
DA:449,4
DA:450,4
DA:451,16
DA:452,16
DA:454,16
DA:455,16
DA:462,16
DA:463,128
DA:468,16
DA:470,16
DA:477,8
DA:484,1
DA:486,1
DA:498,3
DA:499,0
DA:500,0
DA:503,3
DA:504,0
DA:505,0
DA:508,3
DA:509,3
DA:511,3
DA:512,24
DA:513,24
DA:514,24
DA:516,24
DA:517,24
DA:518,24
DA:519,24
DA:521,24
DA:523,24
DA:524,192
DA:525,192
DA:526,192
DA:528,192
DA:529,0
DA:532,192
DA:534,192
DA:535,143
DA:537,0
DA:540,49
DA:541,49
DA:542,2
DA:543,2
DA:549,3
DA:553,1
LF:200
LH:187
BRDA:48,0,0,1
BRDA:48,0,1,166
BRDA:78,1,0,35
BRDA:78,1,1,45
BRDA:82,2,0,25
BRDA:82,2,1,20
BRDA:86,3,0,0
BRDA:86,3,1,20
BRDA:116,4,0,0
BRDA:116,4,1,2
BRDA:176,5,0,6
BRDA:176,5,1,18
BRDA:186,6,0,36
BRDA:186,6,1,0
BRDA:189,7,0,36
BRDA:189,7,1,0
BRDA:194,8,0,12
BRDA:194,8,1,24
BRDA:211,9,0,0
BRDA:211,9,1,74
BRDA:212,10,0,1
BRDA:212,10,1,73
BRDA:213,11,0,18
BRDA:213,11,1,55
BRDA:215,12,0,6
BRDA:215,12,1,49
BRDA:215,13,0,55
BRDA:215,13,1,31
BRDA:216,14,0,18
BRDA:216,14,1,31
BRDA:216,15,0,49
BRDA:216,15,1,24
BRDA:217,16,0,5
BRDA:217,16,1,26
BRDA:217,17,0,31
BRDA:217,17,1,25
BRDA:217,17,2,25
BRDA:218,18,0,2
BRDA:218,18,1,24
BRDA:218,19,0,26
BRDA:218,19,1,20
BRDA:218,19,2,20
BRDA:219,20,0,18
BRDA:219,20,1,6
BRDA:219,21,0,24
BRDA:219,21,1,18
BRDA:224,22,0,0
BRDA:224,22,1,6
BRDA:224,23,0,6
BRDA:224,23,1,0
BRDA:225,24,0,0
BRDA:225,24,1,6
BRDA:225,25,0,6
BRDA:225,25,1,6
BRDA:226,26,0,0
BRDA:226,26,1,6
BRDA:226,27,0,6
BRDA:226,27,1,0
BRDA:227,28,0,6
BRDA:227,28,1,0
BRDA:328,29,0,0
BRDA:328,29,1,64
BRDA:332,30,0,16
BRDA:332,30,1,48
BRDA:336,31,0,20
BRDA:336,31,1,44
BRDA:341,32,0,20
BRDA:341,32,1,44
BRDA:367,33,0,12
BRDA:367,33,1,3
BRDA:373,34,0,12
BRDA:373,34,1,3
BRDA:420,35,0,4
BRDA:420,35,1,0
BRDA:425,36,0,4
BRDA:425,36,1,1
BRDA:449,37,0,4
BRDA:449,37,1,0
BRDA:463,38,0,16
BRDA:463,38,1,112
BRDA:463,39,0,128
BRDA:463,39,1,40
BRDA:463,39,2,40
BRDA:470,40,0,8
BRDA:470,40,1,8
BRDA:471,41,0,16
BRDA:471,41,1,12
BRDA:471,41,2,4
BRDA:498,42,0,0
BRDA:498,42,1,3
BRDA:503,43,0,0
BRDA:503,43,1,3
BRDA:525,44,0,168
BRDA:525,44,1,24
BRDA:528,45,0,0
BRDA:528,45,1,192
BRDA:534,46,0,143
BRDA:534,46,1,49
BRDA:535,47,0,0
BRDA:535,47,1,143
BRDA:541,48,0,2
BRDA:541,48,1,47
BRDA:541,49,0,49
BRDA:541,49,1,48
BRF:104
BRH:86
end_of_record
